         w __deregister_frame_info
         w _ITM_deregisterTMCloneTable
         w _ITM_registerTMCloneTable
         w _Jv_RegisterClasses
         w __register_frame_info
00000000 b .LANCHOR1
00000000 a shift
00000000 a shift
00000000 b _TLS_MODULE_BASE_
00000000 00002000 b tmp_buffer.7872
00001ff8 b .LANCHOR2
00002000 00000401 b __fixedpath
00002404 00000802 b __utf16path
00002c08 00000802 b __utf16path_old.7943
00100000 T _start
00100000 a __start__
00100008 T __service_ptr
0010000c T __apt_appid
00100010 T __heap_size
00100014 T __linear_heap_size
00100018 T __system_arglist
0010001c T __system_runflags
00100020 t startup
00100058 t ClearMem
0010006c t ClrLoop
00100094 T _init
001000ac T initSystem
001000f0 T __ctru_exit
00100110 T __aeabi_uidiv
00100110 000001ec T __udivsi3
00100110 t .udivsi3_skip_div0_test
001002fc 00000020 T __aeabi_uidivmod
0010031c T __aeabi_idiv
0010031c 00000220 T __divsi3
00100324 t .divsi3_skip_div0_test
0010053c 00000020 T __aeabi_idivmod
0010055c 00000004 W __aeabi_idiv0
0010055c 00000004 W __aeabi_ldiv0
00100560 T __aeabi_drsub
00100568 000002b0 T __aeabi_dsub
00100568 000002b0 T __subdf3
0010056c 000002ac T __adddf3
0010056c 000002ac T __aeabi_dadd
00100818 00000024 T __aeabi_ui2d
00100818 00000024 T __floatunsidf
0010083c 00000028 T __aeabi_i2d
0010083c 00000028 T __floatsidf
00100864 00000040 T __aeabi_f2d
00100864 00000040 T __extendsfdf2
001008a4 00000074 T __aeabi_ul2d
001008a4 00000074 T __floatundidf
001008b8 00000060 T __aeabi_l2d
001008b8 00000060 T __floatdidf
00100918 0000019c T __aeabi_frsub
00100920 00000194 T __aeabi_fsub
00100920 00000194 T __subsf3
00100924 00000190 T __addsf3
00100924 00000190 T __aeabi_fadd
00100ab4 00000028 T __aeabi_ui2f
00100ab4 00000028 T __floatunsisf
00100abc 00000020 T __aeabi_i2f
00100abc 00000020 T __floatsisf
00100adc 0000008c T __aeabi_ul2f
00100adc 0000008c T __floatundisf
00100aec 0000007c T __aeabi_l2f
00100aec 0000007c T __floatdisf
00100b68 T __aeabi_ldivmod
00100c3c T __aeabi_uldivmod
00100c78 00000014 T setjmp
00100c8c 00000018 T longjmp
00100cc8 00000390 T strcmp
00101050 t deregister_tm_clones
00101080 t register_tm_clones
001010b8 t __do_global_dtors_aux
001010fc t frame_dummy
00101158 00000008 T L_PlzNoCrashOnDispose
00101160 000000b4 T L_ToBlack
00101214 00000038 T L_GetPossibleEnemies
00101250 00000068 T L_GetPossibleEnemyAnimation
001012b8 0000002c T L_SetPartySize
001012e4 00000068 T L_GetPartyMemberAnimation
0010134c 00000040 T L_RestorePartyMember
0010138c 00000064 T L_SetPlayerPosition
001013f0 0000011c T L_Level
0010150c 00000030 T L_DestroyTileset
0010153c 000000d8 T L_SetMapImageData
00101614 00000018 T L_Wait
0010162c 0000005c T L_GetSpell
00101688 00000054 T L_SetEncounterRate
001016dc 00000024 T L_GetPartySize
00101700 00000048 T L_GetLevel
00101748 00000034 T L_SetInt
0010177c 00000048 T L_SetTileset
001017c4 00000024 T L_GetSpellAnimation
001017e8 00000040 T L_SetPartyMember
00101828 00000018 T L_Free
00101840 00000030 T L_FreeAnimationImage
00101870 00000018 T L_UnloadTexture
00101888 0000006c T L_AddSpellToStats
001018f4 00000048 T L_MallocString
0010193c 00000030 T L_LoadPNG
0010196c 000000b4 T L_SetMapOtherData
00101a20 0000012c T L_GetMap
00101b4c 000000c4 T L_SetSpell
00101c10 00000190 T L_SetStats
00101da0 00000058 T L_SetStatsSpells
00101df8 00000070 T L_GetPartyMemberStats
00101e68 00000028 t GetBattlerById.part.5
00101e90 000002d0 T SetupHardcodedLanguage
00102160 00000030 T FpsCapWait
00102190 00000258 T DrawMap
001023e8 0000003c T StartFrameStuff
00102424 000000ac T UpdateAnimationIfNeed
001024d0 0000014c T DrawAnimationAsObject
0010261c 00000074 T DrawAnimationAsISay
00102690 0000004c T DrawMapObjects
001026dc 00000130 T UpdateCameraValues
0010280c 0000007c T DrawUnusedAreaRect
00102888 0000003c T L_RedrawMap
001028c4 00000048 T checkCollision
0010290c 000000a0 T ExecuteEvent
001029ac 0000005c T IsThisTilde
00102a08 00000050 T DrawLetterUnscaled
00102a58 00000158 T DrawTildeLetterUnscaled
00102bb0 00000090 T DrawTextAsISay
00102c40 00000330 T BasicMessage
00102f70 0000015c T L_SetAnimation
001030cc 0000001c T L_DebugMsg
001030e8 0000010c T L_Malloc
001031f8 0000070c T ShowMessageWithPortrait
00103904 00000094 T L_ShowMessageWithPortrait
00103998 00000068 T L_ShowMessage
00103a00 00000080 T L_EndGame
00103a80 00000354 T LoadMap
00103dd4 00000168 T UnloadMap
00103f3c 00000038 T L_ChangeMap
00103f74 00000054 T CalculateDamage
00103fc8 00000078 T Damage
00104040 00000150 T InitWildBattle
00104190 00000120 T BattleInit
001042b0 00000078 T AddToSpellList
00104328 0000002c T L_AddSpell
00104358 00000050 T CenterText
001043a8 00000058 T CenterTextCustomWidth
00104400 000002d8 T SelectSpell
001046d8 00000074 T DisposeAllLoadedSpellImages
0010474c 0000004c T LoadSpellImageIfNeeded
00104798 0000001c T ClearBottomScreen
001047b4 00000090 T LevelUp
00104844 00000078 T LevelDown
001048bc 000002d8 T Save
00104b94 000004a4 T Load
00105038 00000458 T StatusLoop
00105490 000005b4 T MenuLop
00105a44 00000524 T Overworld
00105f68 00002524 T BattleLop
0010848c 0000002c T L_StartWildBattle
001084b8 00000118 T L_StartSpecificBattle
001085d0 00000398 T TitleLoop
00108968 0000061c T PushCFunctions
00108f88 0000039c T Init
00109324 000000ac T main
001093d0 00000028 t _sfil_read_png_file_fn
001093f8 000002f4 t _sfil_load_PNG_generic
001096ec 000000a0 T sfil_load_PNG_file
0010978c 00000050 T png_zalloc
001097dc 00000004 T png_zfree
001097e0 000001d0 t png_build_16bit_table
001099b0 00000114 t png_colorspace_endpoints_match
00109ac4 00000498 t png_free_data.part.3
00109f60 00000088 t png_muldiv.part.9
00109fe8 00000070 t png_gamma_8bit_correct.part.15
0010a058 00000200 t png_icc_profile_error
0010a258 0000003c T png_set_sig_bytes
0010a294 00000070 T png_sig_cmp
0010a304 00000020 T png_reset_crc
0010a324 00000054 T png_calculate_crc
0010a378 00000110 T png_user_version_check
0010a488 00000114 T png_create_png_struct
0010a59c 00000040 T png_create_info_struct
0010a5dc 000003a0 T png_destroy_info_struct
0010a97c 00000010 T png_free_data
0010a98c 0000000c T png_get_io_ptr
0010a998 00000094 T png_chunk_unknown_handling
0010aa2c 000000e4 T png_zstream_error
0010ab10 00000158 T png_colorspace_set_gamma
0010ac68 00000084 T png_colorspace_sync
0010acf0 00000204 T png_colorspace_set_sRGB
0010aef4 00000198 T png_icc_check_length
0010b08c 0000037c T png_icc_check_header
0010b408 00000138 T png_icc_check_tag_table
0010b540 00000250 T png_icc_set_sRGB
0010b790 00000284 T png_colorspace_set_rgb_coefficients
0010ba14 000002ac T png_check_IHDR
0010bcc0 000002a8 T png_check_fp_number
0010bf68 000002d4 T png_check_fp_string
0010c240 000000c8 T png_muldiv
0010c308 00000078 T png_reciprocal
0010c380 00000b6c T png_colorspace_set_chromaticities
0010ceec 00000020 T png_gamma_significant
0010cf10 000000a0 T png_reciprocal2
0010cfb0 00000090 T png_gamma_8bit_correct
0010d040 00000104 T png_gamma_correct
0010d144 00000134 T png_destroy_gamma_table
0010d278 00000880 T png_build_gamma_table
0010daf8 000001f0 t png_format_buffer.isra.0
0010dce8 00000078 T png_safecat
0010dd60 00000170 T png_format_number
0010ded0 0000014c T png_warning
0010e01c 000001ac T png_chunk_warning
0010e1c8 00000094 T png_free_jmpbuf
0010e25c 0000002c T png_longjmp
0010e288 00000060 T png_error
0010e2e8 0000015c T png_app_warning
0010e444 0000015c T png_app_error
0010e5a0 0000002c T png_chunk_error
0010e5cc 000001a4 T png_chunk_benign_error
0010e770 000002d4 T png_benign_error
0010ea44 000000f0 T png_set_longjmp_fn
0010eb34 000002dc T png_chunk_report
0010ee10 00000014 T png_set_error_fn
0010ee24 0000001c T png_get_valid
0010ee40 000000a0 T png_get_IHDR
0010eee0 00000064 T png_destroy_png_struct
0010ef44 00000078 T png_calloc
0010efbc 00000030 T png_malloc_base
0010efec 0000008c T png_malloc_array
0010f078 00000104 T png_realloc_array
0010f17c 0000005c T png_malloc
0010f1d8 00000064 T png_malloc_warn
0010f23c 00000024 T png_free
0010f260 00000014 T png_set_mem_fn
0010f274 00000110 t png_do_read_intrapixel
0010f384 00000408 t png_read_info.part.3
0010f78c 00000058 T png_create_read_struct
0010f7e4 00000010 T png_read_info
0010f7f4 00000040 T png_read_update_info
0010f834 000003bc T png_read_image
0010fbf0 00000134 T png_destroy_read_struct
0010fd24 00000038 T png_default_read_data
0010fd5c 00000020 T png_read_data
0010fd7c 00000050 T png_set_read_fn
0010fdcc 00000218 t png_do_gray_to_rgb
0010ffe4 00001170 t png_do_compose
00111154 00000038 T png_set_scale_16
0011118c 0000003c T png_set_expand
001111c8 0000003c T png_set_palette_to_rgb
00111204 00000038 T png_set_expand_gray_1_2_4_to_8
0011123c 0000003c T png_set_tRNS_to_alpha
00111278 00000038 T png_set_gray_to_rgb
001112b0 00000cc4 T png_init_read_transformations
00111f74 000002c4 T png_read_transform_info
00112238 000023f0 T png_do_read_transformations
00114628 000001d0 t png_read_filter_row_sub
001147f8 000001ac t png_read_filter_row_up
001149a4 00000080 t png_read_filter_row_avg
00114a24 0000008c t png_read_filter_row_paeth_1byte_pixel
00114ab0 0000026c t png_read_filter_row_paeth_multibyte_pixel
00114d1c 00000100 t png_inflate_claim
00114e1c 00000170 t png_inflate.constprop.7
00114f8c 000001b4 t png_inflate_read.part.2.constprop.5
00115140 000000dc t png_crc_finish.constprop.9
0011521c 000002b8 t png_decompress_chunk.constprop.6
001154d4 000000ac T png_read_sig
00115580 00000158 T png_read_chunk_header
001156d8 0000015c T png_crc_finish
00115834 00000178 T png_handle_IHDR
001159ac 00000250 T png_handle_PLTE
00115bfc 00000054 T png_handle_IEND
00115c50 000000e4 T png_handle_gAMA
00115d34 00000214 T png_handle_sBIT
00115f48 00000300 T png_handle_cHRM
00116248 00000108 T png_handle_sRGB
00116350 000005dc T png_handle_iCCP
0011692c 00000330 T png_handle_sPLT
00116c5c 0000023c T png_handle_tRNS
00116e98 00000224 T png_handle_bKGD
001170bc 0000013c T png_handle_hIST
001171f8 0000013c T png_handle_pHYs
00117334 0000015c T png_handle_oFFs
00117490 00000378 T png_handle_pCAL
00117808 00000284 T png_handle_sCAL
00117a8c 00000114 T png_handle_tIME
00117ba0 000001c4 T png_handle_tEXt
00117d64 0000024c T png_handle_zTXt
00117fb0 00000348 T png_handle_iTXt
001182f8 0000036c T png_handle_unknown
00118664 000004dc T png_combine_row
00118b40 00000484 T png_do_read_interlace
00118fc4 00000090 T png_read_filter_row
00119054 00000454 T png_read_IDAT_data
001194a8 00000368 T png_read_finish_row
00119810 00000340 T png_read_start_row
00119b50 00000050 T png_set_bKGD
00119ba0 000000ac T png_set_hIST
00119c4c 000000dc T png_set_IHDR
00119d28 0000002c T png_set_oFFs
00119d54 00000268 T png_set_pCAL
00119fbc 00000164 T png_set_sCAL_s
0011a120 0000002c T png_set_pHYs
0011a14c 00000130 T png_set_PLTE
0011a27c 00000044 T png_set_sBIT
0011a2c0 00000334 T png_set_text_2
0011a5f4 000000a0 T png_set_tIME
0011a694 00000138 T png_set_tRNS
0011a7cc 00000184 T png_set_sPLT
0011a950 0000018c T png_set_unknown_chunks
0011aadc 00000028 T png_set_packing
0011ab04 00000030 T png_set_interlace_handling
0011ab34 00000088 T png_set_filler
0011abbc 000001ec T png_do_invert
0011ada8 0000004c T png_do_swap
0011adf4 0000006c T png_do_packswap
0011ae60 0000022c T png_do_strip_channel
0011b08c 0000013c T png_do_bgr
0011b1c8 000001d0 T png_do_check_palette_indexes
0011b398 0000044c T adler32
0011b7e4 0000059c T crc32
0011bd80 0000009c T inflateReset
0011be1c 00000120 T inflateReset2
0011bf3c 00000178 T inflateInit2_
0011c0b4 00001ffc T inflate
0011e0b0 00000060 T inflateEnd
0011e110 00000b64 T inflate_table
0011ec74 00000008 T zcalloc
0011ec7c 00000008 T zcfree
0011ec84 00000df0 T inflate_fast
0011fa74 00000118 T sf2d_create_texture
0011fb8c 00000094 T sf2d_create_rendertarget
0011fc20 00000020 T sf2d_free_texture
0011fc40 00000014 T sf2d_clear_target
0011fc54 00000054 T sf2d_bind_texture
0011fca8 0000018c T sf2d_draw_texture_scale
0011fe34 00000168 T sf2d_draw_texture_part_scale
0011ff9c 00000110 T sf2d_texture_tile32
001200ac 00000048 T sf2d_fini
001200f4 000000a0 T sf2d_start_frame_target
00120194 00000038 T sf2d_start_frame
001201cc 00000004 T sf2d_end_frame
001201d0 000000b0 T sf2d_swapbuffers
00120280 00000040 T sf2d_pool_memalign
001202c0 00000038 T sf2d_set_clear_color
001202f8 000001ac t sf2d_init_advanced.part.0
001204a4 00000028 T sf2d_init
001204cc 00000094 T sf2d_setup_env_internal
00120560 000000bc T sf2d_draw_rectangle
0012061c 000002b4 T C3D_UpdateUniforms
001208d0 000000c0 T C3Di_DirtyUniforms
00120990 000000e8 T C3Di_LoadShaderUniforms
00120a78 00000028 T C3Di_ClearShaderUniforms
00120aa0 00000028 T AttrInfo_Init
00120ac8 000000ac T AttrInfo_AddLoader
00120b74 00000024 T C3D_GetAttrInfo
00120b98 00000080 T C3Di_AttrInfoBind
00120c18 0000003c T C3D_DepthMap
00120c54 0000001c T C3D_CullFace
00120c70 00000040 T C3D_StencilTest
00120cb0 00000024 T C3D_StencilOp
00120cd4 0000001c T C3D_BlendingColor
00120cf0 0000002c T C3D_DepthTest
00120d1c 0000002c T C3D_AlphaTest
00120d48 00000050 T C3D_AlphaBlend
00120d98 00000030 T C3D_FragOpMode
00120dc8 0000011c T C3Di_EffectBind
00120ee4 00000148 T C3D_DrawArrays
0012102c 00000020 T BufInfo_Init
0012104c 00000084 T BufInfo_Add
001210d0 00000024 T C3D_GetBufInfo
001210f4 00000048 T C3Di_BufInfoBind
0012113c 00000034 T TexEnv_Init
00121170 00000034 T C3D_GetTexEnv
001211a4 00000024 T C3Di_TexEnvBind
001211c8 000000b8 T C3D_TexInit
00121280 000000b8 T C3D_TexInitVRAM
00121338 00000028 T C3D_TexSetWrap
00121360 00000034 T C3D_TexBind
00121394 0000003c T C3D_TexDelete
001213d0 0000003c t C3Di_RenderQueueWaitDone
0012140c 00000078 t performTransfer.part.0
00121484 00000050 t transferTarget
001214d4 00000024 t onVBlank1
001214f8 0000008c t onVBlank0
00121584 0000003c t performClear.part.2
001215c0 0000004c t clearTarget
0012160c 000000c0 t updateFrameQueue.part.4
001216cc 000000e0 t onRenderFinish
001217ac 000000bc t onTransferFinish
00121868 0000005c t checkRenderQueueInit.part.7
001218c4 00000070 t onClearDone
00121934 0000006c T C3D_FrameBegin
001219a0 00000078 T C3D_FrameDrawOn
00121a18 000000cc T C3D_FrameEnd
00121ae4 000000e0 T C3D_RenderTargetCreate
00121bc4 0000007c T C3D_RenderTargetDelete
00121c40 00000084 t C3Di_RenderQueueExit
00121cc4 00000050 T C3D_RenderTargetSetClear
00121d14 00000058 T C3D_RenderTargetSetOutput
00121d6c 00000088 t C3Di_AptEventHook
00121df4 00000174 T C3D_Init
00121f68 00000098 T C3D_SetViewport
00122000 00000584 T C3Di_UpdateContext
00122584 000000e0 T C3Di_FinalizeFrame
00122664 00000048 T C3D_Fini
001226ac 000000d4 T C3D_BindProgram
00122780 000000c8 T Mtx_OrthoTilt
00122848 000000a4 T C3D_RenderBufInit
001228ec 00000080 T C3D_RenderBufClearAsync
0012296c 00000028 T C3D_RenderBufTransferAsync
00122994 00000038 T C3D_RenderBufBind
001229cc 00000170 T C3Di_RenderBufBind
00122b3c 00000018 T C3D_RenderBufDelete
00122b54 000000b4 T C3D_ImmSendAttrib
00122c08 00000024 t addrMapNodeComparator(rbtree_node const*, rbtree_node const*)
00122c2c 00000004 t addrMapNodeDestructor(rbtree_node*)
00122c30 0000013c T linearMemAlign
00122d6c 00000008 T linearAlloc
00122d74 00000050 T linearFree
00122dc4 00000024 t addrMapNodeComparator(rbtree_node const*, rbtree_node const*)
00122de8 00000004 t addrMapNodeDestructor(rbtree_node*)
00122dec 0000012c T vramMemAlign
00122f18 00000008 T vramAlloc
00122f20 00000050 T vramFree
00122f70 0000008c t gfxSetFramebufferInfo.part.0
00122ffc 00000010 T gfxSet3D
0012300c 00000010 T gfxIs3D
0012301c 00000174 T gfxSetScreenFormat
00123190 00000070 T gfxSetFramebufferInfo
00123200 00000088 T gfxWriteFramebufferInfo
00123288 000001fc T gfxInit
00123484 00000010 T gfxInitDefault
00123494 000000e0 T gfxExit
00123574 000000b0 T gfxGetFramebuffer
00123624 00000070 T gfxConfigScreen
00123694 00000058 t getSysTime
001236ec 0000004c T osConvertVirtToPhys
00123738 00000024 T osGetMemRegionUsed
00123760 000000f4 T __libctru_gtod
00123858 00000078 T osGetTime
001238d0 00000034 T __ctru_speedup_config
00123904 0000002c T GPUCMD_SetBuffer
00123930 00000040 T GPUCMD_GetBuffer
00123970 000000ec T GPUCMD_Add
00123a5c 00000098 T GPUCMD_Finalize
00123af4 00000044 T f32tof24
00123b38 00000040 T f32tof31
00123b78 00000054 T GX_ProcessCommandList
00123bcc 00000060 T GX_MemoryFill
00123c2c 00000050 T GX_DisplayTransfer
00123c7c 00000054 T GX_FlushCacheRegions
00123cd0 00000038 T DVLB_Free
00123d08 00000078 T DVLE_GetUniformRegister
00123d80 000001ec T DVLE_GenerateOutmap
00123f6c 000001c0 T DVLB_ParseFile
0012412c 000001f4 T shaderInstanceInit
00124320 00000034 T shaderInstanceFree
00124354 00000018 T shaderInstanceGetUniformLocation
0012436c 00000018 T shaderProgramInit
00124384 0000002c T shaderProgramFree
001243b0 0000006c T shaderProgramSetVsh
0012441c 00000894 T shaderProgramConfigure
00124cb0 00000070 T ptmSysmInit
00124d20 00000034 T ptmSysmExit
00124d54 00000034 T PTMSYSM_ConfigureNew3DSCPU
00124d88 000000d0 T hidExit
00124e58 00000234 T hidScanInput
0012508c 00000010 T hidKeysHeld
0012509c 00000010 T hidKeysDown
001250ac 00000090 T HIDUSER_GetHandles
0012513c 0000018c T hidInit
001252c8 00000004 W _aptDebug
001252cc 00000130 T aptSendCommand
001253fc 0000003c t aptExitProcess
00125438 00000038 T aptHook
00125470 0000002c T aptUnhook
0012549c 0000004c T APT_InquireNotification
001254e8 0000019c t aptEventHandler
00125684 00000074 T APT_AppletUtility
001256f8 000000b4 T APT_GlanceParameter
001257ac 000000c0 T APT_ReceiveParameter
0012586c 000000a8 t aptReceiveParameter.constprop.1
00125914 00000228 t aptWaitForWakeUp
00125b3c 00000070 T APT_CancelParameter
00125bac 00000230 T aptInit
00125ddc 0000008c t aptClearParamQueue
00125e68 00000148 T aptExit
00125fb0 00000070 T APT_CheckNew3DS
00126020 00000160 t gspEventThreadMain
00126180 00000074 T gspInit
001261f4 0000003c T gspExit
00126230 0000002c T gspSetEventCallback
0012625c 00000088 T gspInitEventHandler
001262e4 00000030 T gspExitEventHandler
00126314 00000044 T gspWaitForEvent
00126358 0000006c T gspWaitForAnyEvent
001263c4 00000124 T gspSubmitGxCommand
001264e8 0000006c T GSPGPU_SetBufferSwap
00126554 00000034 T GSPGPU_SetLcdForceBlack
00126588 00000064 T GSPGPU_RegisterInterruptRelayQueue
001265ec 0000002c T GSPGPU_UnregisterInterruptRelayQueue
00126618 00000048 T GSPGPU_AcquireRight
00126660 0000002c T GSPGPU_ReleaseRight
0012668c 0000002c T GSPGPU_RestoreVramSysArea
001266b8 000000b0 T irrstScanInput
00126768 0000001c T irrstKeysHeld
00126784 00000050 T IRRST_GetHandles
001267d4 00000150 T irrstInit
00126924 0000002c T IRRST_Shutdown
00126950 000000ac T irrstExit
001269fc 00000070 T rbtree_find
00126a6c 00000324 T rbtree_remove
00126d90 00000074 T rbtree_node_next
00126e04 00000094 T rbtree_rotate
00126e98 0000018c t do_insert
00127024 00000008 T rbtree_insert
0012702c 00000014 T rbtree_init
00127040 000000e8 T __system_initArgv
00127128 00000058 t osGetMemRegionSize
00127180 00000104 W __system_allocateHeaps
00127284 00000038 W __libctru_init
001272bc T svcControlMemory
001272dc T svcExitProcess
001272e4 T svcCreateThread
00127304 T svcExitThread
0012730c T svcReleaseMutex
00127314 T svcCreateEvent
00127328 T svcSignalEvent
00127330 T svcClearEvent
00127338 T svcMapMemoryBlock
00127340 T svcUnmapMemoryBlock
00127348 T svcCreateAddressArbiter
0012735c T svcArbitrateAddress
00127374 T svcCloseHandle
0012737c T svcWaitSynchronization
00127384 T svcWaitSynchronizationN
001273ac T svcDuplicateHandle
001273c0 T svcGetSystemTick
001273c8 T svcGetSystemInfo
001273e0 T svcConnectToPort
001273f4 T svcSendSyncRequest
001273fc T svcBreak
00127404 00000098 T MemPool::CoalesceRight(MemBlock*)
0012749c 00000178 T MemPool::Allocate(MemChunk&, unsigned long, int)
00127614 00000100 T MemPool::Deallocate(MemChunk const&)
00127714 00000024 t addrMapNodeComparator(rbtree_node const*, rbtree_node const*)
00127738 00000004 t addrMapNodeDestructor(rbtree_node*)
0012773c 000000f4 T mappableAlloc
00127830 00000050 T mappableFree
00127880 000001bc T threadCreate
00127a3c 00000024 T threadJoin
00127a60 00000070 T threadExit
00127ad0 00000040 t _thread_begin
00127b10 00000050 T srvExit
00127b60 00000038 T srvRegisterClient
00127b98 00000078 T srvInit
00127c10 00000068 T srvGetServiceHandleDirect
00127c78 00000038 T srvGetServiceHandle
00127cb0 00000084 T envGetHandle
00127d34 0000004c T envDestroyHandles
00127d80 00000034 t LightLock_Unlock.part.1
00127db4 0000000c T __sync_init
00127dc0 00000018 T __sync_fini
00127dd8 00000010 T __sync_get_arbiter
00127de8 00000018 T LightLock_Init
00127e00 000000a0 T LightLock_Lock
00127ea0 00000034 T LightLock_TryLock
00127ed4 00000020 T LightLock_Unlock
00127ef4 00000024 T RecursiveLock_Init
00127f18 00000030 T RecursiveLock_Lock
00127f48 00000058 T RecursiveLock_TryLock
00127fa0 00000038 T RecursiveLock_Unlock
00127fd8 00000038 T LightEvent_Init
00128010 0000007c T LightEvent_Clear
0012808c 000000dc T LightEvent_Signal
00128168 000000d0 T LightEvent_Wait
00128238 000000a4 W __libctru_exit
001282dc 0000001c W __appExit
001282f8 00000030 t __ctru_get_reent
00128328 000000e4 T __system_initSyscalls
0012840c 0000001c W __appInit
00128428 00000010 t sdmc_link
00128438 00000010 t sdmc_dirreset
00128448 00000010 t sdmc_fchmod
00128458 00000024 t error_cmp
0012847c 00000050 t sdmc_translate_error
001284cc 00000034 t sdmc_fsync
00128500 00000054 t sdmc_ftruncate
00128554 000000b8 t sdmc_statvfs
0012860c 00000038 t sdmc_dirclose
00128644 00000138 t sdmc_dirnext
0012877c 00000034 t sdmc_close
001287b0 00000074 t sdmc_fstat
00128824 000000d8 t sdmc_seek
001288fc 00000084 t sdmc_read
00128980 00000110 t sdmc_write_safe
00128a90 000001b4 t sdmc_utf16path
00128c44 00000074 t sdmc_rmdir
00128cb8 000000a4 t sdmc_diropen
00128d5c 000000a0 t sdmc_chdir
00128dfc 00000098 t sdmc_mkdir
00128e94 00000108 t sdmc_rename
00128f9c 00000074 t sdmc_unlink
00129010 00000108 t sdmc_stat
00129118 00000188 t sdmc_open
001292a0 00000010 t sdmc_chmod
001292b0 0000015c T sdmcInit
0012940c 00000058 T sdmcExit
00129464 00000028 t fsSessionForArchive.part.0
0012948c 000000c8 T fsInit
00129554 00000038 T fsExit
0012958c 000000a0 T fsExemptFromSession
0012962c 00000054 T fsUnexemptFromSession
00129680 000000bc T FSUSER_OpenFile
0012973c 000000a4 T FSUSER_DeleteFile
001297e0 000000e0 T FSUSER_RenameFile
001298c0 000000a4 T FSUSER_DeleteDirectory
00129964 000000bc T FSUSER_CreateFile
00129a20 000000ac T FSUSER_CreateDirectory
00129acc 000000e0 T FSUSER_RenameDirectory
00129bac 000000a4 T FSUSER_OpenDirectory
00129c50 00000098 T FSUSER_OpenArchive
00129ce8 00000074 T FSUSER_CloseArchive
00129d5c 00000078 T FSUSER_GetSdmcArchiveResource
00129dd4 00000064 T FSUSER_IsSdmcWritable
00129e38 0000005c T FSFILE_Read
00129e94 00000064 T FSFILE_Write
00129ef8 0000003c T FSFILE_GetSize
00129f34 0000002c T FSFILE_SetSize
00129f60 0000003c T FSFILE_Close
00129f9c 00000024 T FSFILE_Flush
00129fc0 00000054 T FSDIR_Read
0012a014 0000003c T FSDIR_Close
0012a050 000000c0 T utf8_to_utf16
0012a110 00000138 T decode_utf8
0012a248 000000e8 T utf16_to_utf8
0012a330 00000104 T encode_utf8
0012a434 00000068 T encode_utf16
0012a49c T __aeabi_read_tp
0012a4a8 00000060 T decode_utf16
0012a508 0000001c t getS
0012a524 0000010c t findfield
0012a630 000000f0 t pushglobalfuncname
0012a720 00000078 t errfile
0012a798 00000064 t getF
0012a7fc 000000d0 t skipBOM
0012a8cc 00000048 t panic
0012a914 00000028 t l_alloc
0012a93c 000000a8 t skipcomment.part.0
0012a9e4 00000070 T luaL_where
0012aa54 00000054 T luaL_error
0012aaa8 00000108 T luaL_argerror
0012abb0 0000008c t resizebox
0012ac3c 00000018 t boxgc
0012ac54 00000094 T luaL_fileresult
0012ace8 00000060 T luaL_execresult
0012ad48 0000008c T luaL_newmetatable
0012add4 00000028 T luaL_setmetatable
0012adfc 0000007c T luaL_testudata
0012ae78 0000004c T luaL_checkstack
0012aec4 000002b4 T luaL_traceback
0012b178 00000030 T luaL_checkany
0012b1a8 00000114 T luaL_prepbuffsize
0012b2bc 00000034 t luaL_addlstring.part.3
0012b2f0 0000000c T luaL_addlstring
0012b2fc 0000002c T luaL_addstring
0012b328 0000005c T luaL_pushresult
0012b384 00000010 T luaL_pushresultsize
0012b394 000000a4 T luaL_addvalue
0012b438 00000020 T luaL_buffinit
0012b458 0000002c T luaL_buffinitsize
0012b484 000002ec T luaL_loadfilex
0012b770 00000030 T luaL_loadbufferx
0012b7a0 00000078 T luaL_getmetafield
0012b818 000000a0 t typeerror
0012b8b8 0000003c T luaL_checkudata
0012b8f4 0000003c T luaL_checktype
0012b930 00000044 T luaL_checklstring
0012b974 00000054 T luaL_optlstring
0012b9c8 00000094 T luaL_checkoption
0012ba5c 00000050 T luaL_checknumber
0012baac 00000040 T luaL_optnumber
0012baec 000000a0 T luaL_checkinteger
0012bb8c 0000003c T luaL_optinteger
0012bbc8 00000060 T luaL_callmeta
0012bc28 00000060 T luaL_len
0012bc88 00000200 T luaL_tolstring
0012be88 0000009c T luaL_setfuncs
0012bf24 00000074 T luaL_getsubtable
0012bf98 000000fc T luaL_requiref
0012c094 000000b4 T luaL_gsub
0012c148 00000030 T luaL_newstate
0012c178 00000098 T luaL_checkversion_
0012c210 00000100 t findlocal
0012c310 00000028 t swapextra.part.1
0012c338 000003b4 t getobjname
0012c6ec 00000070 t kname
0012c75c 0000010c t varinfo
0012c868 00000040 T lua_sethook
0012c8a8 00000008 T lua_gethook
0012c8b0 00000008 T lua_gethookmask
0012c8b8 00000008 T lua_gethookcount
0012c8c0 00000048 T lua_getstack
0012c908 000000d8 T lua_getlocal
0012c9e0 00000090 T lua_setlocal
0012ca70 000005e8 T lua_getinfo
0012d058 00000068 T luaG_addinfo
0012d0c0 00000060 T luaG_errormsg
0012d120 0000007c T luaG_runerror
0012d19c 00000044 T luaG_typeerror
0012d1e0 00000024 T luaG_concaterror
0012d204 00000050 T luaG_opinterror
0012d254 00000064 T luaG_tointerror
0012d2b8 00000064 T luaG_ordererror
0012d31c 00000158 T luaG_traceexec
0012d474 00000074 t seterrorobj
0012d4e8 0000003c t resume_error
0012d524 000000a0 T luaD_throw
0012d5c4 0000004c t checkmode
0012d610 000000d4 t f_parser
0012d6e4 00000078 T luaD_rawrunprotected
0012d75c 0000011c T luaD_reallocstack
0012d878 00000084 T luaD_growstack
0012d8fc 000000a8 T luaD_shrinkstack
0012d9a4 00000034 T luaD_inctop
0012d9d8 000000c4 T luaD_hook
0012da9c 00000184 T luaD_poscall
0012dc20 00000070 t finishCcall
0012dc90 00000068 t unroll
0012dcf8 000003cc T luaD_precall
0012e0c4 000000bc t resume
0012e180 0000006c T luaD_call
0012e1ec 00000028 T luaD_callnoyield
0012e214 000001f4 T lua_resume
0012e408 00000010 T lua_isyieldable
0012e418 00000094 T lua_yieldk
0012e4ac 00000074 T luaD_pcall
0012e520 000000ec T luaD_protectedparser
0012e60c 00000054 T luaL_openlibs
0012e660 00000058 t pushnumint
0012e6b8 00000030 t math_rad
0012e6e8 00000030 t math_deg
0012e718 00000024 t math_tan
0012e73c 00000040 t math_sqrt
0012e77c 00000024 t math_sin
0012e7a0 00000024 t math_randomseed
0012e7c8 0000017c t math_random
0012e944 00000080 t math_min
0012e9c4 00000080 t math_max
0012ea48 000000c8 t math_log
0012eb10 00000044 t math_ult
0012eb54 00000024 t math_exp
0012eb78 00000024 t math_cos
0012eba0 00000050 t math_atan
0012ebf0 00000024 t math_asin
0012ec14 00000024 t math_acos
0012ec38 0000005c t math_type
0012ec94 0000004c t math_ceil
0012ece0 000000a0 t math_modf
0012ed80 0000004c t math_floor
0012edcc 00000060 t math_toint
0012ee2c 00000078 t math_abs
0012eea4 000000f0 t math_fmod
0012ef98 000000e4 T luaopen_math
0012f07c 0000009c t stack_init
0012f118 000000c8 t f_luaopen
0012f1e0 00000028 T luaE_setdebt
0012f208 00000040 T luaE_extendCI
0012f248 00000054 T luaE_freeCI
0012f29c 0000003c t freestack
0012f2d8 00000060 t close_state
0012f338 000001ac T lua_newstate
0012f4e4 00000078 T luaE_shrinkCI
0012f55c 000000fc T lua_newthread
0012f658 00000038 T luaE_freethread
0012f690 0000000c T lua_close
0012f69c 00000034 t str_len
0012f6d0 00000144 t unpackint
0012f814 00000198 t str_byte
0012f9ac 000000b4 t packint
0012fa60 00000014 t writer
0012fa74 000001b8 t match_class
0012fc2c 000000ac t matchbracketclass
0012fcd8 00000090 t str_upper
0012fd68 0000007c t str_reverse
0012fde4 00000090 t str_lower
0012fe74 00000134 t str_sub
0012ffa8 00000158 t str_rep
00130100 000000a4 t gmatch
001301a4 000000a8 t str_char
0013024c 00000050 t addlenmod
0013029c 00000800 t str_format
00130a9c 00000058 t getnum.part.1
00130af4 00000068 t copywithendian
00130b5c 0000005c t getnumlimit.isra.3
00130bb8 00000338 t getoption
00130ef0 00000108 t getdetails
00130ff8 00000138 t str_packsize
00131130 00000310 t str_unpack
00131440 00000580 t str_pack
001319c0 000000e0 t classend.isra.4
00131aa0 000000c4 t push_onecapture
00131b64 000000a4 t push_captures
00131c08 00000048 t singlematch.isra.6.part.7
00131c50 000000a0 t str_dump
00131cf0 00000538 t match
00132228 000002c0 t str_find_aux
001324e8 00000008 t str_match
001324f0 00000008 t str_find
001324f8 00000474 t str_gsub
0013296c 00000090 t gmatch_aux
00132a00 000000bc T luaopen_string
00132abc 000000dc t getfield
00132b98 00000060 t os_setlocale
00132bf8 0000004c t os_rename
00132c44 00000034 t os_remove
00132c78 0000002c t os_getenv
00132ca4 00000080 t os_exit
00132d24 00000044 t os_execute
00132d68 00000044 t l_checktime
00132dac 0000003c t os_difftime
00132de8 00000038 t os_clock
00132e20 0000004c t os_tmpname
00132e6c 00000168 t setallfields
00132fd4 0000018c t os_time
00133160 0000026c t os_date
001333d0 0000004c T luaopen_os
0013341c 00000010 t dofilecont
0013342c 0000004c t finishpcall
00133478 0000008c t luaB_xpcall
00133504 00000054 t luaB_type
00133558 00000078 t luaB_pcall
001335d0 00000028 t luaB_tostring
001335f8 000000cc t luaB_select
001336c4 00000244 t luaB_tonumber
00133908 0000004c t luaB_rawset
00133954 00000040 t luaB_rawget
00133994 00000054 t luaB_rawlen
001339e8 00000040 t luaB_rawequal
00133a28 0000012c t luaB_print
00133b54 00000048 t luaB_ipairs
00133b9c 0000004c t luaB_next
00133be8 000000d0 t generic_reader
00133cb8 0000004c t ipairsaux
00133d04 00000080 t luaB_error
00133d88 000000d8 t luaB_collectgarbage
00133e60 00000098 t luaB_setmetatable
00133ef8 0000006c t load_aux
00133f64 000000f8 t luaB_load
0013405c 00000070 t luaB_loadfile
001340cc 0000004c t luaB_getmetatable
00134118 00000084 t luaB_dofile
0013419c 00000074 t luaB_assert
00134210 00000090 t luaB_pairs
001342a0 0000007c T luaopen_base
0013431c 000000e8 t utf8_decode
00134404 0000004c t iter_codes
00134450 00000120 t iter_aux
00134570 00000214 t utflen
00134784 0000024c t byteoffset
001349d0 00000058 t pushutfchar
00134a28 00000094 t utfchar
00134abc 0000023c t codepoint
00134cf8 00000070 T luaopen_utf8
00134d68 00000030 t error_expected
00134d98 00000018 t checknext
00134db0 00000028 t str_checkname
00134dd8 00000038 t checkname
00134e10 00000048 t fieldsel
00134e58 00000060 t adjustlocalvars.isra.0
00134eb8 000000b0 t newlabelentry.isra.4
00134f68 00000074 t checklimit.part.8
00134fdc 00000170 t new_localvar
0013514c 00000138 t newupvalue.isra.9
00135284 00000184 t singlevaraux
00135408 0000008c t singlevar
00135494 000000e8 t closegoto.isra.16
0013557c 00000064 t findgotos
001355e0 000000bc t findlabel
0013569c 0000007c t gotostat
00135718 00000074 t check_match
0013578c 000000c0 t adjust_assign.isra.18
0013584c 00000234 t leaveblock
00135a80 00000180 t close_func.isra.19
00135c00 00000aa0 t statement
001366a0 00000054 t statlist
001366f4 00000320 t body
00136a14 00000564 t subexpr
00136f78 0000003c t yindex
00136fb4 000000ac t recfield.isra.20
00137060 00000268 t constructor
001372c8 00000064 t explist
0013732c 00000158 t funcargs
00137484 00000158 t suffixedexp
001375dc 000001dc t assignment
001377b8 00000040 t cond
001377f8 00000030 t exp1
00137828 00000058 t block
00137880 00000160 t forbody
001379e0 000001a0 t test_then_block
00137b80 000001d4 T luaY_parser
00137d54 0000004c t check_next1.isra.0.part.1
00137da0 00000068 T luaX_init
00137e08 00000050 T luaX_token2str
00137e58 0000009c t lexerror
00137ef4 00000074 t save
00137f68 000000dc t skip_sep
00138044 00000078 t check_next2
001380bc 000000d0 t inclinenumber
0013818c 00000070 t esccheck.part.4
001381fc 0000007c t gethexa
00138278 000001a8 t read_numeral
00138420 0000000c T luaX_syntaxerror
0013842c 00000094 T luaX_newstring
001384c0 000001f8 t read_long_string
001386b8 00001034 t llex
001396ec 00000080 T luaX_setinput
0013976c 00000050 T luaX_next
001397bc 00000018 T luaX_lookahead
001397d4 00000018 t db_getregistry
001397ec 0000007c t auxupvalue
00139868 00000020 t db_setupvalue
00139888 00000008 t db_getupvalue
00139890 00000068 t checkupval
001398f8 00000050 t db_setmetatable
00139948 0000003c t checkstack
00139984 00000048 t treatstackoption
001399cc 00000040 t db_setuservalue
00139a0c 00000038 t db_upvalueid
00139a44 000000a4 t db_upvaluejoin
00139ae8 00000034 t db_getmetatable
00139b1c 00000038 t db_getuservalue
00139b54 00000124 t db_debug
00139c78 00000040 t getthread
00139cb8 000000a0 t db_traceback
00139d58 000000f0 t db_setlocal
00139e48 000001cc t db_sethook
0013a014 00000128 t db_getlocal
0013a13c 00000380 t db_getinfo
0013a4bc 00000140 t db_gethook
0013a5fc 000000a4 t hookf
0013a6a0 0000004c T luaopen_debug
0013a6ec 00000038 t set2
0013a724 00000118 t unpack
0013a83c 0000009c t pack
0013a8d8 00000074 t addfield
0013a94c 000000fc t checktab
0013aa48 00000238 t tmove
0013ac80 0000013c t tremove
0013adbc 00000120 t tinsert
0013aedc 00000110 t tconcat
0013afec 000000a4 t sort_comp
0013b090 00000390 t auxsort
0013b420 000000ac t sort
0013b4d0 0000004c T luaopen_table
0013b51c 00000054 T luaT_init
0013b570 00000034 T luaT_gettm
0013b5a4 00000068 T luaT_gettmbyobj
0013b60c 00000094 T luaT_objtypename
0013b6a0 000000c0 T luaT_callTM
0013b760 00000084 T luaT_callbinTM
0013b7e4 0000010c T luaT_trybinTM
0013b8f0 00000064 T luaT_callorderTM
0013b954 00000044 T luaS_eqlngstr
0013b998 00000050 T luaS_hash
0013b9e8 00000084 T luaS_hashlongstr
0013ba6c 0000010c T luaS_resize
0013bb78 00000160 t internshrstr
0013bcd8 00000040 T luaS_clearcache
0013bd18 0000005c T luaS_init
0013bd74 00000038 T luaS_createlngstrobj
0013bdac 00000058 T luaS_remove
0013be04 00000048 T luaS_newlstr
0013be4c 000000a4 T luaS_new
0013bef0 00000048 T luaS_newudata
0013bf38 00000114 t intarith
0013c04c 0000007c t l_str2dloc
0013c0c8 0000002c t pushstr
0013c0f8 000000c8 t numarith.isra.0
0013c1c0 0000004c t luaO_utf8esc.part.1
0013c20c 00000070 T luaO_int2fb
0013c27c 0000001c T luaO_fb2int
0013c298 00000034 T luaO_ceillog2
0013c2cc 000001b0 T luaO_arith
0013c47c 00000024 T luaO_hexavalue
0013c4a0 000002d0 T luaO_str2num
0013c770 0000001c T luaO_utf8esc
0013c78c 000000e8 T luaO_tostring
0013c874 00000030 T luaO_pushfstring
0013c8a4 000003a8 T luaO_pushvfstring
0013cc4c 00000168 T luaO_chunkid
0013cdb4 00000084 t l_strcmp
0013ce38 00000054 t copy2buff
0013ce8c 000000ac T luaV_tonumber_
0013cf38 00000118 T luaV_tointeger
0013d050 00000150 T luaV_finishget
0013d1a0 000001f0 T luaV_finishset
0013d390 00000200 T luaV_lessthan
0013d590 00000258 T luaV_lessequal
0013d7e8 000002c4 T luaV_equalobj
0013daac 00000274 T luaV_concat
0013dd20 00000124 T luaV_objlen
0013de44 000000a8 T luaV_div
0013deec 00000088 T luaV_mod
0013df74 00000084 T luaV_shiftl
0013dff8 000001c4 T luaV_finishOp
0013e1c0 00001d18 T luaV_execute
0013fed8 00000098 t patchtestreg
0013ff70 0000005c t removevalues
0013ffcc 00000094 t need_value
00140060 00000174 t addk
001401d4 00000054 t negatecondition.isra.8
00140228 00000054 t fixjump.isra.9
0014027c 000000b8 t patchlistaux
00140334 000000ec t luaK_code
00140420 00000024 t freeexp.isra.5.part.6
00140444 00000110 t freeexps.isra.7
00140554 000001f4 t constfolding.isra.11
00140748 000000c8 T luaK_nil
00140810 0000006c T luaK_concat
0014087c 00000044 T luaK_jump
001408c0 00000014 T luaK_ret
001408d4 00000010 T luaK_getlabel
001408e4 00000014 T luaK_patchtohere
001408f8 00000040 T luaK_patchlist
00140938 0000009c T luaK_patchclose
001409d4 00000018 T luaK_codeABC
001409ec 0000000c T luaK_codeABx
001409f8 0000004c T luaK_codek
00140a44 0000003c T luaK_checkstack
00140a80 00000048 T luaK_reserveregs
00140ac8 00000030 T luaK_stringK
00140af8 0000003c T luaK_intK
00140b34 0000008c T luaK_setreturns
00140bc0 00000068 T luaK_setoneret
00140c28 000000ec T luaK_dischargevars
00140d14 00000168 t discharge2reg
00140e7c 00000140 t exp2reg
00140fbc 000000d8 t jumponcond
00141094 00000050 T luaK_exp2nextreg
001410e4 00000064 T luaK_exp2anyreg
00141148 00000024 T luaK_exp2anyregup
0014116c 00000018 T luaK_exp2val
00141184 00000150 T luaK_exp2RK
001412d4 00000090 t codebinexpval
00141364 000000d4 T luaK_storevar
00141438 00000094 T luaK_self
001414cc 000000ac T luaK_goiftrue
00141578 00000080 T luaK_goiffalse
001415f8 0000003c T luaK_indexed
00141634 000001b4 T luaK_prefix
001417e8 000000a4 T luaK_infix
0014188c 00000270 T luaK_posfix
00141afc 00000018 T luaK_fixline
00141b14 00000090 T luaK_setlist
00141ba4 0000002c t error.isra.0
00141bd0 0000002c t LoadBlock
00141bfc 000000c4 t LoadString
00141cc0 00000060 t checkliteral
00141d20 00000058 t fchecksize
00141d78 00000548 t LoadFunction
001422c0 0000021c T luaU_undump
001424dc 00000020 t luaB_yieldable
001424fc 00000024 t luaB_yield
00142520 00000110 t auxresume
00142630 00000020 t luaB_corunning
00142650 00000044 t luaB_cocreate
00142694 00000028 t luaB_cowrap
001426bc 00000084 t luaB_auxwrap
00142740 000000e8 t luaB_costatus
00142828 00000098 t luaB_coresume
001428c0 0000004c T luaopen_coroutine
0014290c 000000a0 t index2addr
001429ac 00000008 t growstack
001429b4 000000b8 t auxgetstr
00142a6c 000000e8 t auxsetstr
00142b54 00000008 t f_call
00142b5c 00000054 t reverse.isra.0
00142bb0 00000094 T lua_checkstack
00142c44 00000060 T lua_xmove
00142ca4 00000010 T lua_atpanic
00142cb4 00000018 T lua_version
00142ccc 0000002c T lua_absindex
00142cf8 0000001c T lua_gettop
00142d14 0000005c T lua_settop
00142d70 00000054 T lua_rotate
00142dc4 0000007c T lua_copy
00142e40 00000028 T lua_pushvalue
00142e68 00000024 T lua_type
00142e8c 00000014 T lua_typename
00142ea0 00000020 T lua_iscfunction
00142ec0 0000001c T lua_isinteger
00142edc 0000002c T lua_isnumber
00142f08 00000024 T lua_isstring
00142f2c 00000058 T lua_rawequal
00142f84 00000094 T lua_compare
00143018 00000028 T lua_stringtonumber
00143040 00000060 T lua_tonumberx
001430a0 00000068 T lua_tointegerx
00143108 0000003c T lua_toboolean
00143144 000000a4 T lua_tolstring
001431e8 00000090 T lua_rawlen
00143278 0000003c T lua_touserdata
001432b4 0000001c T lua_tothread
001432d0 000000d0 T lua_topointer
001433a0 0000001c T lua_pushnil
001433bc 00000020 T lua_pushnumber
001433dc 00000020 T lua_pushinteger
001433fc 0000006c T lua_pushlstring
00143468 00000068 T lua_pushstring
001434d0 00000030 T lua_pushvfstring
00143500 00000054 T lua_pushfstring
00143554 000000b8 T lua_pushcclosure
0014360c 00000028 T lua_pushboolean
00143634 00000020 T lua_pushlightuserdata
00143654 00000034 T lua_pushthread
00143688 00000034 T lua_getglobal
001436bc 00000080 T lua_gettable
0014373c 00000024 T lua_getfield
00143760 000000b4 T lua_geti
00143814 00000038 T lua_rawget
0014384c 00000048 T lua_rawgeti
00143894 00000054 T lua_rawgetp
001438e8 00000070 T lua_createtable
00143958 00000074 T lua_getmetatable
001439cc 0000003c T lua_getuservalue
00143a08 00000034 T lua_setglobal
00143a3c 000000bc T lua_settable
00143af8 00000024 T lua_setfield
00143b1c 000000ec T lua_seti
00143c08 0000008c T lua_rawset
00143c94 00000098 T lua_rawseti
00143d2c 000000a0 T lua_rawsetp
00143dcc 000000e8 T lua_setmetatable
00143eb4 00000070 T lua_setuservalue
00143f24 00000084 T lua_callk
00143fa8 00000110 T lua_pcallk
001440b8 000000b8 T lua_load
00144170 00000048 T lua_dump
001441b8 00000008 T lua_status
001441c0 0000015c T lua_gc
0014431c 00000008 T lua_error
00144324 00000038 T lua_next
0014435c 0000006c T lua_concat
001443c8 0000002c T lua_len
001443f4 0000001c T lua_getallocf
00144410 0000004c T lua_newuserdata
0014445c 000000c8 T lua_getupvalue
00144524 0000015c T lua_setupvalue
00144680 00000048 T lua_upvalueid
001446c8 000000b0 T lua_upvaluejoin
00144778 0000019c t reallymarkobject
00144914 00000048 t markmt
0014495c 0000004c t markbeingfnz
001449a8 0000017c t GCTM
00144b24 00000088 t runafewfinalizers
00144bac 00000010 t dothecall
00144bbc 00000054 t setpause
00144c10 00000018 t removeentry.part.0
00144c28 00000024 t iscleared.isra.1.part.2
00144c4c 000001f8 t traverseephemeron
00144e44 00000808 t propagatemark
0014564c 00000110 t clearvalues
0014575c 000000a8 t clearkeys.constprop.5
00145804 00000080 t convergeephemerons.constprop.6
00145884 00000268 t sweeplist
00145aec 00000060 t sweepstep
00145b4c 000004c0 t singlestep
0014600c 00000034 T luaC_barrier_
00146040 00000020 T luaC_barrierback_
00146060 00000028 T luaC_upvalbarrier_
00146088 00000028 T luaC_fix
001460b0 0000003c T luaC_newobj
001460ec 0000002c T luaC_upvdeccount
00146118 000000ec T luaC_checkfinalizer
00146204 000000e8 T luaC_freeallobjects
001462ec 000000d8 T luaC_step
001463c4 00000110 T luaC_fullgc
001464d4 00000058 T luaZ_fill
0014652c 0000001c T luaZ_init
00146548 000000a0 T luaZ_read
001465e8 00000020 T luaF_newCclosure
00146608 0000004c T luaF_newLclosure
00146654 00000068 T luaF_initupvals
001466bc 000000a4 T luaF_findupval
00146760 0000008c T luaF_close
001467ec 00000064 T luaF_newproto
00146850 000000b4 T luaF_freeproto
00146904 00000070 T luaF_getlocalname
00146974 00000028 t DumpBlock.part.0
0014699c 00000108 t DumpString
00146aa4 00000618 t DumpFunction
001470bc 00000218 T luaU_dump
001472d8 00000190 t mainposition.isra.3
00147468 00000064 t getgeneric
001474cc 00000064 t luaH_getint.part.7
00147530 00000064 t countint
00147594 000001f0 T luaH_next
00147784 00000040 T luaH_new
001477c4 00000060 T luaH_free
00147824 0000003c T luaH_getint
00147860 00000058 T luaH_getshortstr
001478b8 00000090 T luaH_getstr
00147948 00000158 T luaH_get
00147aa0 000000a4 T luaH_setint
00147b44 0000028c T luaH_resize
00147dd0 00000018 T luaH_resizearray
00147de8 0000037c T luaH_newkey
00148164 00000040 T luaH_set
001481a4 000001a0 T luaH_getn
00148344 0000005c t getiofile
001483a0 0000012c t g_write
001484cc 00000028 t io_write
001484f4 00000060 t io_type
00148554 00000048 t tofile
0014859c 00000044 t aux_close
001485e0 00000048 t io_close
00148628 00000040 t f_gc
00148668 00000044 t io_noclose
001486ac 00000038 t io_fclose
001486e4 00000034 t newprefile
00148718 00000084 t nextc
0014879c 00000064 t read_chars
00148800 00000064 t read_all
00148864 00000068 t readdigits
001488cc 00000144 t read_line
00148a10 000004b8 t g_read
00148ec8 00000028 t io_read
00148ef0 00000020 t f_read
00148f10 0000006c t io_popen
00148f7c 00000028 t io_pclose
00148fa4 00000030 t f_write
00148fd4 00000064 t createstdfile
00149038 000000ec t io_open
00149124 00000078 t aux_lines
0014919c 00000020 t f_lines
001491bc 00000134 t io_readline
001492f0 00000030 t io_flush
00149320 00000028 t f_flush
00149348 00000058 t f_tostring
001493a0 00000074 t f_setvbuf
00149414 000000d8 t f_seek
001494ec 0000004c t io_tmpfile
00149538 00000068 t opencheck
001495a0 00000088 t g_iofile
00149628 00000014 t io_output
0014963c 00000014 t io_input
00149650 000000d0 t io_lines
00149720 000000f8 T luaopen_io
00149818 00000010 T luaM_toobig
00149828 000000a0 T luaM_realloc_
001498c8 00000090 T luaM_growaux_
00149958 00000150 t findloader
00149aa8 00000130 t ll_require
00149bd8 00000064 t searcher_preload
00149c3c 000001a0 t searchpath
00149ddc 000000a0 t lookforfunc
00149e7c 00000088 t ll_loadlib
00149f04 0000009c t loadfunc
00149fa0 00000074 t gctm
0014a014 00000104 t setpath
0014a118 00000054 t checkload.part.3
0014a16c 000000b4 t ll_searchpath
0014a220 0000007c t findfile.constprop.5
0014a29c 0000006c t searcher_Lua
0014a308 00000070 t searcher_C
0014a378 000000d0 t searcher_Croot
0014a448 00000240 T luaopen_package
0014a688 0000017c T ceil
0014a808 000000c8 T cos
0014a8d0 00000184 T floor
0014aa58 0000009c T frexp
0014aaf8 000000d0 T sin
0014abc8 00000088 T tan
0014ac50 000000f4 T acos
0014ad48 000000f4 T asin
0014ae3c 00000004 T atan2
0014ae40 00000148 T exp
0014af88 000000f8 T fmod
0014b080 0000016c T log10
0014b1f0 0000016c T log
0014b360 00000398 T pow
0014b6f8 000000e8 T sqrt
0014b7e0 000002dc T __ieee754_acos
0014bac0 00000284 T __ieee754_asin
0014bd48 0000029c T __ieee754_atan2
0014bfe8 00000278 T __ieee754_exp
0014c260 0000034c T __ieee754_fmod
0014c5b0 00000144 T __ieee754_log10
0014c6f8 000002e4 T __ieee754_log
0014c9e0 000008bc T __ieee754_pow
0014d2a0 00000318 T __ieee754_rem_pio2
0014d5b8 00000214 T __ieee754_sqrt
0014d7d0 00000150 T __kernel_cos
0014d920 000008e8 T __kernel_rem_pio2
0014e208 000000b8 T __kernel_sin
0014e2c0 00000288 T __kernel_tan
0014e548 00000274 T atan
0014e7bc 00000010 T fabs
0014e7cc 00000014 T finite
0014e7e0 00000008 T matherr
0014e7e8 00000010 T nan
0014e7f8 00000178 T rint
0014e970 00000170 T scalbn
0014eae0 0000001c T copysign
0014eafc 0000002c T __aeabi_d2lz
0014eafc 0000002c T __fixdfdi
0014eb28 00000048 T __aeabi_d2ulz
0014eb28 00000048 T __fixunsdfdi
0014eb70 00000128 T __udivmoddi4
0014ec98 00000014 T abort
0014ecac 00000074 T bsearch
0014ed20 00000020 T calloc
0014ed40 00000090 T _calloc_r
0014edd0 0000003c T clock
0014ee0c 00000010 T difftime
0014ee1c 0000000c T __errno
0014ee28 00000034 T exit
0014ee5c 00000154 T _fclose_r
0014efb0 00000018 T fclose
0014efc8 00000254 T __sflush_r
0014f21c 00000094 T _fflush_r
0014f2b0 00000038 T fflush
0014f2e8 0000019c T _fgets_r
0014f484 00000028 T fgets
0014f4ac 0000000c T _cleanup_r
0014f4b8 00000080 t std.isra.0
0014f538 00000048 T __sfmoreglue
0014f580 0000008c T __sinit
0014f60c 00000118 T __sfp
0014f724 0000000c T __sfp_lock_acquire
0014f730 0000000c T __sfp_lock_release
0014f73c 00000040 T __libc_fini_array
0014f77c 00000148 T _fopen_r
0014f8c4 00000020 T fopen
0014f8e4 0000003c T fprintf
0014f920 00000094 T fputc
0014f9b4 000002d4 T _fread_r
0014fc88 00000038 T fread
0014fcc0 000000f8 T _malloc_trim_r
0014fdb8 000002e4 T _free_r
0015009c 000002c8 T _freopen_r
00150364 00000028 T freopen
0015038c 00000004 T _fseek_r
00150390 00000030 T fseek
001503c0 000005d4 T _fseeko_r
00150994 00000034 T ftell
001509c8 000001a0 T _ftello_r
00150b68 00000078 T _fwalk
00150be0 00000080 T _fwalk_reent
00150c60 000000f4 T _fwrite_r
00150d54 00000038 T fwrite
00150d8c 00000024 T getenv
00150db0 000000c8 T _findenv_r
00150e78 00000018 T _getenv_r
00150e90 0000001c T gmtime
00150eac 0000024c T gmtime_r
001510f8 00000078 T __libc_init_array
00151170 0000001c T localtime
0015118c 00000380 T localtime_r
0015150c 00000008 T __localeconv_l
00151514 00000024 T _localeconv_r
00151538 00000024 T localeconv
0015155c 00000094 t currentlocale
001515f0 00000820 T __loadlocale
00151e10 0000008c T __get_locale_env
00151e9c 00000328 T _setlocale_r
001521c4 00000024 T __locale_mb_cur_max
001521e8 00000008 T __locale_ctype_ptr_l
001521f0 00000024 T __locale_ctype_ptr
00152214 00000020 T setlocale
00152234 00000094 T __swhatbuf_r
001522c8 000000f4 T __smakebuf_r
001523bc 00000020 T memalign
001523dc 00000158 T _memalign_r
00152534 00000018 T malloc
0015254c 00000018 T free
00152564 0000078c T _malloc_r
00152cf0 0000004c T __ascii_mbtowc
00152d3c 00000300 T __utf8_mbtowc
0015303c 000000d4 T __sjis_mbtowc
00153110 00000138 T __eucjp_mbtowc
00153248 000001cc T __jis_mbtowc
00153414 00000104 T memchr
00153518 000000e8 T memcmp
00153600 00000114 T memcpy
00153714 00000110 T memset
00153824 00000338 t validate_structure
00153b5c 00000508 T mktime
00154064 0000000c T __malloc_lock
00154070 0000000c T __malloc_unlock
0015407c 00000038 T printf
001540b4 000000d4 T _putc_r
00154188 000000e0 T _puts_r
00154268 00000018 T puts
00154280 0000001c T srand
0015429c 00000044 T rand
001542e0 00000020 T realloc
00154300 000004cc T _realloc_r
001547cc 0000001c t lflush
001547e8 000001b4 T __srefill_r
0015499c 0000001c T _remove_r
001549b8 00000028 T remove
001549e0 00000020 T rename
00154a00 00000050 T __srget_r
00154a50 00000258 T setvbuf
00154ca8 000000a0 T _raise_r
00154d48 00000018 T raise
00154d60 000000e0 T snprintf
00154e40 00000064 T _sprintf_r
00154ea4 00000068 T sprintf
00154f0c 0000003c T __sread
00154f48 00000008 T __seofread
00154f50 00000064 T __swrite
00154fb4 0000004c T __sseek
00155000 00000008 T __sclose
00155008 00000068 T strcasecmp
00155070 00000070 T strcat
001550e0 000001ac T strchr
0015528c 00000004 T strcoll
00155290 000000f0 T strcpy
00155380 0000063c T _strerror_r
001559bc 00000020 T strerror
001559dc 0000014c t iso_year_adjust
00155b28 00000fe4 t __strftime
00156b0c 00000050 T strftime
00156b5c 00000048 T strlcpy
00156ba4 0000005c T strlen
00156c00 0000008c T strncasecmp
00156c8c 0000009c T strncat
00156d28 00000108 T strncmp
00156e30 000000d8 T strncpy
00156f08 00000080 T strpbrk
00156f88 00000068 T strspn
00156ff0 00000118 t critical_factorization
00157108 00000398 t two_way_long_needle
001574a0 00000368 T strstr
00157808 00000054 t sulp
00157860 00001434 T _strtod_l
00158c94 00000040 T strtod
00158cd4 00000220 t _strtol_l.isra.0
00158ef4 00000050 T _strtol_r
00158f44 00000054 T strtol
00158f98 000001e4 t _strtoul_l.isra.0
0015917c 00000050 T _strtoul_r
001591cc 00000054 T strtoul
00159220 00001624 t get_arg
0015a848 000041c4 T _svfprintf_r
0015ea0c 0000002c T system
0015ea38 00000038 T time
0015ea70 000000b4 T _tmpfile_r
0015eb24 00000010 T tmpfile
0015eb34 000000a4 t worker
0015ebd8 00000058 T _tmpnam_r
0015ec30 00000018 T tmpnam
0015ec48 00000234 T __tzcalc_limits
0015ee7c 0000000c T __tz_lock
0015ee88 0000000c T __tz_unlock
0015ee94 00000010 T _tzset_unlocked
0015eea4 0000047c T _tzset_unlocked_r
0015f320 000000a8 T __submore
0015f3c8 000001f0 T _ungetc_r
0015f5b8 00000020 T ungetc
0015f5d8 00000008 T _user_strerror
0015f5e0 00001624 t get_arg
00160c08 00004314 T _vfprintf_r
00164f1c 000000cc t __sbprintf
00164fe8 00000108 T __swbuf_r
001650f0 000000a0 T _wcrtomb_r
00165190 00000020 T _wcsrtombs_r
001651b0 00000028 T __ascii_wctomb
001651d8 000000e8 T __utf8_wctomb
001652c0 00000084 T __sjis_wctomb
00165344 000000bc T __eucjp_wctomb
00165400 000000d8 T __jis_wctomb
001654d8 00000144 T __swsetup_r
0016561c 0000000c T abs
00165628 00000174 T __call_exitprocs
0016579c 00000010 T __set_ctype
001657ac 00000060 T div
0016580c 000001d0 t quorem
001659e0 00001260 T _dtoa_r
00166c40 0000000c T __env_lock
00166c4c 0000000c T __env_unlock
00166c58 00000130 T _fdopen_r
00166d88 000000b0 T __sflags
00166e38 000004ac T __sfvwrite_r
001672e4 000000f0 t rshift
001673d4 000007f4 T __gethex
00167bc8 00000064 T __match
00167c2c 00000264 T __hexnan
00167e90 0000000c T __gettzinfo
00167e9c 0000000c T labs
00167ea8 00000148 T memmove
00167ff0 00000088 T _Balloc
00168078 0000001c T _Bfree
00168094 000000d8 T __multadd
0016816c 000000f0 T __s2b
0016825c 00000058 T __hi0bits
001682b4 0000009c T __lo0bits
00168350 00000020 T __i2b
00168370 000001cc T __multiply
0016853c 00000100 T __pow5mult
0016863c 000000e4 T __lshift
00168720 00000060 T __mcmp
00168780 00000198 T __mdiff
00168918 00000078 T __ulp
00168990 000000d4 T __b2d
00168a64 00000108 T __d2b
00168b6c 0000007c T __ratio
00168be8 0000006c T __copybits
00168c54 00000080 T __any_on
00168cd4 00000074 T siscanf
00168d48 000000e0 T sniprintf
00168e28 0000161c t get_arg
0016a444 00000188 T __ssprint_r
0016a5cc 00002a8c T _svfiprintf_r
0016d058 000000e8 T _sungetc_r
0016d140 0000006c T __ssrefill_r
0016d1ac 000000d0 T _sfread_r
0016d27c 00001eb8 T __ssvfiscanf_r
0016f134 0000001c t __sprint_r.part.0
0016f150 0000001c T __sprint_r
0016f16c 00000174 T _wcsnrtombs_l
0016f2e0 00000064 T _wcsnrtombs_r
0016f344 00000074 T iswspace
0016f3b8 00000204 t __jp2uc
0016f5bc 000000c8 T _jp2uc
0016f684 000000b4 T _mbrtowc_r
0016f738 000000cc T __sccl
0016f804 000002dc t _strtoll_l.isra.0
0016fae0 00000050 T _strtoll_r
0016fb30 00000268 t _strtoull_l.isra.0
0016fd98 00000050 T _strtoull_r
0016fde8 00000008 t null_write
0016fdf0 00000018 T setDefaultDevice
0016fe08 000000cc T FindDevice
0016fed4 00000028 T RemoveDevice
0016fefc 00000098 T AddDevice
0016ff94 00000084 T _close_r
00170018 0000007c T _fstat_r
00170094 00000010 T _getpid_r
001700a4 0000002c T _gettimeofday_r
001700d0 00000008 T _isatty_r
001700d8 00000010 T _kill_r
001700e8 00000090 T _lseek_r
00170178 000000c0 T _open_r
00170238 00000088 T _read_r
001702c0 00000070 T _sbrk_r
00170330 00000010 T _times_r
00170340 0000006c T _unlink_r
001703ac 00000088 T _write_r
00170434 00000024 T _exit
00170458 000001d4 T _concatenate_path
0017062c 0000015c T chdir
00170788 00000084 T _rename_r
0017080c 00000008 T __flockfile
00170814 00000008 T __funlockfile
0017081c 00000018 T __libc_lock_acquire
00170834 00000018 T __libc_lock_release
0017084c 00000018 T __libc_lock_init_recursive
00170864 00000018 T __libc_lock_acquire_recursive
0017087c 00000018 T __libc_lock_release_recursive
00170894 00000018 T __libc_lock_close_recursive
001708ac 0000004c T __free_handle
001708f8 00000040 T __release_handle
00170938 000000b4 T __alloc_handle
001709ec 00000018 T __get_handle
00170a04 00000028 T __getreent
00170a2c 0000005c T strnlen
00170a88 00000044 T strrchr
00170acc T _fini
00171008 00000030 r short_months.9530
00171038 00000020 r CSWTCH.116
00171058 00000020 r CSWTCH.117
00171078 00000020 r sRGB_xy
00171098 00000024 r sRGB_XYZ.9720
001710bc 0000000c r D50_nCIEXYZ
001710c8 000000e0 r png_sRGB_checks
001711a8 00000200 R png_sRGB_delta
001713a8 00000400 R png_sRGB_base
001717a8 00000200 R png_sRGB_table
001719a8 00000010 r png_digit
001719b8 00000011 r digits.9440
001719cc 00000048 r display_mask.9809
00171a14 00000090 r row_mask.9808
00171aa4 0000001c r png_pass_inc.9853
00171ac0 00000007 r png_pass_yinc.10039
00171ac8 00000007 r png_pass_ystart.10038
00171ad0 00000007 r png_pass_inc.10037
00171ad0 00000007 r png_pass_inc.10046
00171ad8 00000007 r png_pass_start.10036
00171ad8 00000007 r png_pass_start.10045
00171ae0 00000100 r onebppswaptable
00171be0 00000100 r twobppswaptable
00171ce0 00000100 r fourbppswaptable
00171de0 00002000 r crc_table
00173de0 00000800 r lenfix.6883
001745e0 00000080 r distfix.6884
00174660 00000026 r order.6912
00174688 00000040 r dext.6798
001746c8 00000040 r dbase.6797
00174708 0000003e r lext.6796
00174748 0000003e r lbase.6795
00174788 0000002f R inflate_copyright
001747b8 00000010 r CSWTCH.23
001747c8 R shader_shbin
00174914 R shader_shbin_end
00174914 R shader_shbin_size
00174918 00000038 r CSWTCH.2
00174950 00000003 r parm.12748
00174954 00000004 r CSWTCH.7
00174958 00000005 r colorFmtSizes
00174960 00000004 r depthFmtSizes
00174964 00000014 r CSWTCH.26
00174978 00000008 r framebufferInfoSt
00174980 0000000c r serviceNameTable.7434
0017498c 00000030 r error_table
001749c8 00000058 r loadedlibs
00174a20 000000e0 r mathlib
00174b00 0000002f R luaP_opmodes
00174b30 000000c0 R luaP_opnames
00174bf0 00000090 r strlib
00174c80 0000001c r catnames.7295
00174c9c 00000018 r cat.7294
00174cb4 00000060 r syslib
00174d14 00000024 r opts.7157
00174d38 00000020 r optsnum.7158
00174d58 000000c8 r base_funcs
00174e20 00000010 r limits.7081
00174e30 00000038 r funcs
00174e78 0000002a r priority
00174ea4 00000094 r luaX_tokens
00174f38 00000004 r HOOKKEY
00174f3c 00000014 r hooknames.7166
00174f50 00000088 r dblib
00174fd8 00000040 r tab_funcs
00175018 00000060 r luaT_eventname.6669
00175078 0000002c R luaT_typenames_
001750a4 00000009 r udatatypename
001750b0 00000100 r log_2.8061
001751b0 00000010 R luaO_nilobject_
001751c0 00000018 r ef.8206
001751d8 00000040 r co_funcs
00175218 00000008 r version.6745
00175220 00000081 R lua_ident
001752a8 00000020 r dummynode_
001752c8 00000010 r modenames.7389
001752d8 0000000c r mode.7388
001752e4 00000010 r modenames.7380
001752f4 0000000c r mode.7379
00175300 00000060 r iolib
00175360 00000050 r flib
001753b0 00000004 r CLIBS
001753b4 00000040 r pk_funcs
001753f4 00000014 r searchers.7215
00175408 00000010 r ll_funcs
00175418 00000101 R luai_ctype_
00178ff0 r .LC2
0017a3f0 r .LC5
0017aa80 00000010 r halF
0017aa90 00000010 r ln2HI
0017aaa0 00000010 r ln2LO
0017aab0 00000010 r Zero
0017aac0 00000080 r npio2_hw
0017ab40 00000108 r two_over_pi
0017ac48 00000040 r PIo2
0017ac88 00000010 r init_jk
0017ac98 00000020 r atanhi
0017acb8 00000020 r atanlo
0017acd8 00000010 r TWO52
0017ace8 00000004 R _global_impure_ptr
0017adc8 0000001c r categories
0017ae28 00000048 r JIS_action_table
0017ae70 00000048 r JIS_state_table
0017aeb8 00000030 r DAYS_IN_MONTH
0017aee8 00000030 r _DAYS_BEFORE_MONTH
0017af18 00000060 R __month_lengths
0017b6f4 00000014 r fpi.7277
0017b708 00000014 r fpinan.7313
0017b720 00000028 r tinytens
0017b780 00000010 r blanks.8400
0017b790 00000010 r zeroes.8401
0017b7a0 000000fc R _C_time_locale
0017ba60 00000010 r blanks.8415
0017ba70 00000010 r zeroes.8416
0017ba80 00000101 R _ctype_
0017bb94 00000100 R __hexdig
0017bc98 00000028 R __mprec_bigtens
0017bcc0 000000c8 R __mprec_tens
0017bd88 0000000c r p05.7191
0017bd94 0000006c R __action_table
0017be00 00000100 R __chclass
0017bf00 0000006c R __state_table
0017bf6c 00000010 r blanks.8379
0017bf7c 00000010 r zeroes.8380
0017bf8c 00000022 r basefix.7934
0017bfb0 000000bc r a1
0017c06c 000000bc r a2
0017c128 0000005b r a3
0017c184 00000070 r a6
0017c1f4 000000a2 r a7
0017c298 00000040 r a8
0017c2d8 0000172a r b02cf
0017da04 00001a7c r d02f4
0017f488 00000068 R dotab_stdnull
0017f4f0 00000003 R DIRECTORY_PARENT
0017f4f4 r __EH_FRAME_BEGIN__
0017f4f4 R __exidx_end
0017f4f4 R __exidx_start
00180000 00000004 D LANGUAGE
00180004 00000001 D singleTileWidth
00180005 00000001 D singleTileHeight
00180008 00000004 D aButton
0018000c 00000001 D defaultSelected
0018000d 00000001 D textboxNewCharSpeed
0018000e 00000002 D spellLinkedListSize
00180010 00000004 D bButton
00180014 00000004 D playerName
00180018 00000004 d useTransform_desc
0018001c 00000004 d transform_desc
00180020 00000004 d vblank_wait
00180024 00000004 d projection_desc
00180028 00000001 d topFormat
00180029 00000001 d botFormat
0018002c 00000008 d doubleBuf
00180034 00000004 d aptFlags
00180038 00000004 d gspLastEvent
0018003c 00000004 V __ctru_linear_heap_size
00180040 W __stacksize__
00180044 00000401 d __cwd
00180448 00000068 d sdmc_devoptab
001804b0 00000001 D __fdlib_version
001804b4 0000000c d __sfp_lock
001804c0 0000000c d __sinit_lock
001804cc 00000004 D _impure_ptr
001804d0 00000460 d impure_data
00180930 00000020 D __default_locale
00180950 0000016c D __global_locale
00180abc 00000408 D __malloc_av_
00180ec4 00000004 D __malloc_sbrk_base
00180ec8 00000004 D __malloc_trim_threshold
00180ecc 0000000c d __malloc_lock_object
00180ed8 00000004 d __tz_lock_object
00180edc 00000008 D _tzname
00180ee4 0000000c D __atexit_lock
00180ef0 00000004 D environ
00180ef4 0000000c d __env_lock_object
00180f00 00000040 d tzinfo
00180f40 00000004 d defaultDevice
00180f44 00000040 D devoptab_list
00180f84 00001000 d _current_working_directory
00181f84 00000004 d __hndl_lock
00181f88 0000000c d __stderr_handle
00181f94 0000000c d __stdin_handle
00181fa0 0000000c d __stdout_handle
00181fac 00001000 d handles
00182fac t __frame_dummy_init_array_entry
00182fac T __init_array_start
00182fac d __JCR_LIST__
00182fac B __preinit_array_end
00182fac B __preinit_array_start
00182fac D __tdata_lma
00182fac D __tdata_lma_end
00182fac D __TMC_END__
00182fac d __TMC_LIST__
00182fb0 t __do_global_dtors_aux_fini_array_entry
00182fb0 T __fini_array_start
00182fb0 T __init_array_end
00182fb4 T __bss_start__
00182fb4 T __fini_array_end
00182fb4 00000001 B numberOfLayers
00182fb8 00000004 B spellLinkedListStart
00182fbc 00000002 B encounterRate
00182fbe 00000002 B nextEncounter
00182fc0 00000004 B drawXOffset
00182fc4 00000004 B drawYOffset
00182fc8 00000002 B cameraWholeOffsetX
00182fca 00000001 B cameraPartialOffsetX
00182fcc 00000002 B cameraWholeOffsetY
00182fce 00000001 B cameraPartialOffsetY
00182fcf 00000001 B place
00182fd0 00000004 b sf2d_initialized
00182fd4 00000004 b pool_addr
00182fd8 00000014 b shader
00182fec 00000004 b dvlb
00182ff0 00000004 b in_render
00182ff4 00000004 b pool_index
00182ff8 00000001 b cur_screen
00182ff9 00000001 b cur_side
00182ffc 00000004 b targetTopLeft
00183000 00000004 b targetTopRight
00183004 00000004 b targetBottom
00183008 00000004 b frames
00183010 00000008 b last_time
00183018 00000004 b current_fps
0018301c 00000004 b pool_size
00183020 00000018 b C3Di_ShaderFVecData
00183038 000000c0 b C3Di_FVUnifEverDirty
001830f8 00000008 b C3Di_IVUnifEverDirty
00183100 00000001 b queuedCount
00183104 00000004 b transferQueue
00183108 00000004 b clearQueue
0018310c 00000001 b inSafeTransfer
00183110 0000000c b linkedTarget
0018311c 0000004c b temp.13412
00183168 00000001 b inSafeClear
00183169 00000001 b queueSwap
0018316c 00000020 b queuedFrame
0018318c 00000001 b queuedState
0018318d 00000001 b inFrame
00183190 00000004 b lastTarget
00183194 00000004 b firstTarget
00183198 0000000c b hookCookie
001831a4 00000008 b sLinearPool
001831ac 0000000c b sAddrMap
001831b8 00000008 b sVramPool
001831c0 0000000c b sAddrMap
001831cc 00000001 b enable3d
001831d0 00000004 b screenAlloc
001831d4 00000004 b screenFree
001831d8 00000002 b currentBuffer
001831da 00000001 V __ctru_speedup
001831dc 00000004 b ptmSysmRefCount
001831e0 00000004 b ptmSysmHandle
001831e4 00000004 b hidRefCount
001831e8 00000004 b kOld
001831ec 00000004 b kHeld
001831f0 00000004 b cPos
001831f4 00000004 b tPos
001831f8 00000006 b aVec
00183200 00000006 b gRate
00183208 00000004 b kDown
0018320c 00000004 b kUp
00183210 00000004 b aptLockHandle
00183214 00000004 b serviceName.7433
00183218 0000000c b aptFirstHook
00183224 00000004 b aptMessageFunc
00183228 00000004 b aptMessageFuncData
0018322c 0000000c b aptEvents
00183238 00000001 b aptHomeButtonState
0018323c 00000008 b aptSleepEvent
00183244 00001000 b aptParameters
00184244 00000004 b aptRefCount
00184248 00000004 b aptEventHandlerThread
0018424c 00000001 b flagInit.7784
0018424d 00000001 b flagValue.7785
00184250 00000001 b gspRunEvents
00184254 00000004 b gspEvent
00184258 00000004 b gspEventData
0018425c 0000001c b gspEventCb
00184278 00000007 b gspEventCbOneShot
00184280 0000001c b gspEventCbData
0018429c 00000038 b gspEvents
001842d4 0000001c b gspEventCounts
001842f0 00000004 b gspRefCount
001842f4 00000004 b gspEventThread
001842f8 00000004 b irrstRefCount
001842fc 00000004 b kHeld
00184300 00000004 b csPos
00184304 00000004 V __ctru_heap_size
00184308 b saved_stack
00184310 00000008 b sMappablePool
00184318 0000000c b sAddrMap
00184324 00000004 b srvRefCount
00184328 00000004 b srvHandle
0018432c 00000004 b arbiter
00184330 00000008 b sdmcArchive
00184338 00000001 b sdmcInitialised
00184340 00000004 b fsuHandle
00184344 00000004 b fsuRefCount
00184348 00000080 b fsExemptArchives
001843c8 b completed.7620
001843cc b object.7625
001843e4 000000e7 b global_locale_string
001844cc 000000e0 b new_categories.6496
001845ac 000000e0 b saved_categories.6497
0018468c 00000028 B __malloc_current_mallinfo
001846b4 00000004 B __malloc_max_sbrked_mem
001846b8 00000004 B __malloc_max_total_mem
001846bc 00000004 B __malloc_top_pad
001846c0 0000000b b __tzname_dst
001846cc 0000000b b __tzname_std
001846d8 00000004 b prev_tzenv
001846dc 00000004 B _daylight
001846e0 00000004 B _timezone
001846e4 00000004 b initial_env
001846e8 00000004 b heap_start.6927
001846ec 00000004 B fake_heap_end
001846f0 00000004 B fake_heap_start
001846f4 00001000 b temp_cwd
001856f4 00000038 B __syscalls
00185730 00000004 B N_HP
00185734 00000004 B N_MAGICLIST
00185738 0000000c B tileOtherData
00185744 00000004 B N_QUIT
00185748 000000b0 B enemies
001857f8 00000004 B N_OPTIONS
001857fc 00000004 B N_LEVELEDUP
00185800 00000140 B possibleEnemiesIdleAnimation
00185940 00000001 B numberOfEnemies
00185944 00000010 B enemyAttackAnimation
00185954 00000004 B wasJustPad
00185958 00000004 B N_DEADMESSAGE
0018595c 00000004 B N_SPEED
00185960 00000001 B partySize
00185964 00000014 B tilesets
00185978 00000010 B enemyIdleAnimation
00185988 00000004 B playerLeft
0018598c 00000001 B isWalking
00185990 00000004 B pad
00185998 000002d0 B mapObjects
00185c68 00000004 B N_RESUME
00185c6c 00000004 B N_MP
00185c70 00000140 B possibleEnemiesAttackAnimation
00185db0 00000004 B tilde_a
00185db4 00000004 B tilde_questionMark
00185db8 00000002 B cameraWidth
00185dbc 0000003c B layers
00185df8 00000008 B tempHold
00185e00 00000004 B N_NEEDMOREMP
00185e04 00000004 B tilde_u
00185e08 00000140 B possibleEnemies
00185f48 00000004 B N_SAVE
00185f4c 00000004 B N_DEF
00185f50 000000b0 B party
00186000 00000004 B tilde_i
00186004 00000004 B fontImage
00186008 00000004 B N_MATK
0018600c 00000004 B currentMapFilepath
00186010 00000004 B N_ATK
00186014 0000002c B dummyMember
00186040 00000004 B L
00186044 00000002 B cameraHeight
00186048 00000004 B tilde_n
00186050 00000008 B frameStartMiliseconds
00186058 00000004 B playerRight
00186060 00000080 B partyIdleAnimation
001860e0 00000004 B tilde_o
001860e8 00000020 B selectorAnimation
00186108 00000004 B N_LOAD
0018610c 00000004 B tilde_e
00186110 00000004 B N_HAPPYMENU
00186114 00000004 B N_WIN
00186118 00000008 B numberOfFrames
00186120 00000004 B playerUp
00186124 00000004 B playerObject
00186128 00000080 B partyAttackAnimation
001861a8 00000004 B playerDown
001861ac 00000004 B tilde_esclimationPoint
001861b0 00000004 B N_MDEF
001861b4 00000004 B N_LV
001861b8 00000020 B C3D_IVUnif
001861d8 000000c0 B C3D_FVUnifDirty
00186298 00000002 B C3D_BoolUnifsDirty
0018629c 00000008 B C3D_IVUnifDirty
001862a4 00000004 B C3D_BoolUnifs
001862a8 00000c00 B C3D_FVUnif
00186ea8 00000278 B __C3D_Context
00187120 00000008 B gfxBottomFramebuffers
00187128 00000004 B gspSharedMemHandle
0018712c 0000001c B bottomFramebufferInfo
00187148 00000004 B gspEvent
0018714c 00000008 B gfxTopLeftFramebuffers
00187154 00000008 B gfxTopRightFramebuffers
0018715c 0000001c B topFramebufferInfo
00187178 00000001 B gfxThreadID
0018717c 00000004 B gfxSharedMemory
00187180 00000004 B gfxTopFramebufferMaxSize
00187184 00000004 B gfxBottomFramebufferMaxSize
00187188 00000004 B gpuCmdBuf
0018718c 00000004 B gpuCmdBufOffset
00187190 00000004 B gpuCmdBufSize
00187194 00000004 B gxCmdBuf
00187198 00000004 B hidMemHandle
0018719c 00000004 B hidHandle
001871a0 00000004 B hidSharedMem
001871a4 00000014 B hidEvents
001871b8 00000004 B gspGpuHandle
001871bc 00000004 B irrstHandle
001871c0 00000004 B irrstEvent
001871c4 00000004 B irrstMemHandle
001871c8 00000004 B irrstSharedMem
001871cc 00000004 B __system_argv
001871d0 00000004 B __system_argc
001871d4 00000004 B __ctru_linear_heap
001871d8 00000004 B __ctru_heap
001871dc 00000004 B __system_retAddr
001871e0 B __tls_start
0018a5ec B __bss_end__
0018a5ec A __end__
0018a5ec B __tls_end
