         w __deregister_frame_info
         w _ITM_deregisterTMCloneTable
         w _ITM_registerTMCloneTable
         w _Jv_RegisterClasses
         w __register_frame_info
00000000 b .LANCHOR1
00000000 a shift
00000000 a shift
00000000 b _TLS_MODULE_BASE_
00000000 00002000 b tmp_buffer.7872
00001ff8 b .LANCHOR2
00002000 00000401 b __fixedpath
00002404 00000802 b __utf16path
00002c08 00000802 b __utf16path_old.7943
00100000 T _start
00100000 a __start__
00100008 T __service_ptr
0010000c T __apt_appid
00100010 T __heap_size
00100014 T __linear_heap_size
00100018 T __system_arglist
0010001c T __system_runflags
00100020 t startup
00100058 t ClearMem
0010006c t ClrLoop
00100094 T _init
001000ac T initSystem
001000f0 T __ctru_exit
00100110 T __aeabi_uidiv
00100110 000001ec T __udivsi3
00100110 t .udivsi3_skip_div0_test
001002fc 00000020 T __aeabi_uidivmod
0010031c T __aeabi_idiv
0010031c 00000220 T __divsi3
00100324 t .divsi3_skip_div0_test
0010053c 00000020 T __aeabi_idivmod
0010055c 00000004 W __aeabi_idiv0
0010055c 00000004 W __aeabi_ldiv0
00100560 T __aeabi_drsub
00100568 000002b0 T __aeabi_dsub
00100568 000002b0 T __subdf3
0010056c 000002ac T __adddf3
0010056c 000002ac T __aeabi_dadd
00100818 00000024 T __aeabi_ui2d
00100818 00000024 T __floatunsidf
0010083c 00000028 T __aeabi_i2d
0010083c 00000028 T __floatsidf
00100864 00000040 T __aeabi_f2d
00100864 00000040 T __extendsfdf2
001008a4 00000074 T __aeabi_ul2d
001008a4 00000074 T __floatundidf
001008b8 00000060 T __aeabi_l2d
001008b8 00000060 T __floatdidf
00100918 0000019c T __aeabi_frsub
00100920 00000194 T __aeabi_fsub
00100920 00000194 T __subsf3
00100924 00000190 T __addsf3
00100924 00000190 T __aeabi_fadd
00100ab4 00000028 T __aeabi_ui2f
00100ab4 00000028 T __floatunsisf
00100abc 00000020 T __aeabi_i2f
00100abc 00000020 T __floatsisf
00100adc 0000008c T __aeabi_ul2f
00100adc 0000008c T __floatundisf
00100aec 0000007c T __aeabi_l2f
00100aec 0000007c T __floatdisf
00100b68 T __aeabi_ldivmod
00100c3c T __aeabi_uldivmod
00100c78 00000014 T setjmp
00100c8c 00000018 T longjmp
00100cc8 00000390 T strcmp
00101050 t deregister_tm_clones
00101080 t register_tm_clones
001010b8 t __do_global_dtors_aux
001010fc t frame_dummy
00101158 00000008 T L_PlzNoCrashOnDispose
00101160 000000b4 T L_ToBlack
00101214 00000038 T L_GetPossibleEnemies
00101250 00000068 T L_GetPossibleEnemyAnimation
001012b8 0000002c T L_SetPartySize
001012e4 00000068 T L_GetPartyMemberAnimation
0010134c 00000040 T L_RestorePartyMember
0010138c 00000064 T L_SetPlayerPosition
001013f0 0000011c T L_Level
0010150c 00000030 T L_DestroyTileset
0010153c 000000d8 T L_SetMapImageData
00101614 00000034 T L_Wait
00101648 0000005c T L_GetSpell
001016a4 00000054 T L_SetEncounterRate
001016f8 00000024 T L_GetPartySize
0010171c 00000048 T L_GetLevel
00101764 00000034 T L_SetInt
00101798 00000048 T L_SetTileset
001017e0 00000024 T L_GetSpellAnimation
00101804 00000040 T L_SetPartyMember
00101844 00000018 T L_Free
0010185c 00000030 T L_FreeAnimationImage
0010188c 00000018 T L_UnloadTexture
001018a4 0000006c T L_AddSpellToStats
00101910 00000048 T L_MallocString
00101958 00000030 T L_LoadPNG
00101988 000000b4 T L_SetMapOtherData
00101a3c 0000012c T L_GetMap
00101b68 000000c4 T L_SetSpell
00101c2c 00000190 T L_SetStats
00101dbc 00000058 T L_SetStatsSpells
00101e14 00000070 T L_GetPartyMemberStats
00101e84 00000028 t GetBattlerById.part.5
00101eac 000002d0 T SetupHardcodedLanguage
00102180 00000088 T FpsCapWait
00102208 00000258 T DrawMap
00102460 0000003c T StartFrameStuff
0010249c 000000ac T UpdateAnimationIfNeed
00102548 0000014c T DrawAnimationAsObject
00102694 00000074 T DrawAnimationAsISay
00102708 0000004c T DrawMapObjects
00102754 00000130 T UpdateCameraValues
00102884 0000007c T DrawUnusedAreaRect
00102900 0000003c T L_RedrawMap
0010293c 00000048 T checkCollision
00102984 000000a0 T ExecuteEvent
00102a24 0000005c T IsThisTilde
00102a80 00000050 T DrawLetterUnscaled
00102ad0 00000158 T DrawTildeLetterUnscaled
00102c28 00000090 T DrawTextAsISay
00102cb8 00000330 T BasicMessage
00102fe8 0000015c T L_SetAnimation
00103144 0000001c T L_DebugMsg
00103160 0000010c T L_Malloc
00103270 0000070c T ShowMessageWithPortrait
0010397c 00000094 T L_ShowMessageWithPortrait
00103a10 00000068 T L_ShowMessage
00103a78 00000080 T L_EndGame
00103af8 00000354 T LoadMap
00103e4c 00000168 T UnloadMap
00103fb4 00000038 T L_ChangeMap
00103fec 00000054 T CalculateDamage
00104040 00000078 T Damage
001040b8 00000150 T InitWildBattle
00104208 00000120 T BattleInit
00104328 00000078 T AddToSpellList
001043a0 0000002c T L_AddSpell
001043d0 00000050 T CenterText
00104420 00000058 T CenterTextCustomWidth
00104478 000002d8 T SelectSpell
00104750 00000074 T DisposeAllLoadedSpellImages
001047c4 0000004c T LoadSpellImageIfNeeded
00104810 0000001c T ClearBottomScreen
0010482c 00000090 T LevelUp
001048bc 00000078 T LevelDown
00104934 000002d8 T Save
00104c0c 000004a4 T Load
001050b0 00000458 T StatusLoop
00105508 000005b4 T MenuLop
00105abc 00000524 T Overworld
00105fe0 00002524 T BattleLop
00108504 0000002c T L_StartWildBattle
00108530 00000118 T L_StartSpecificBattle
00108648 00000300 T TitleLoop
00108948 0000061c T PushCFunctions
00108f68 0000039c T Init
00109304 000000ac T main
001093b0 00000028 t _sfil_read_png_file_fn
001093d8 000002f4 t _sfil_load_PNG_generic
001096cc 000000a0 T sfil_load_PNG_file
0010976c 00000050 T png_zalloc
001097bc 00000004 T png_zfree
001097c0 000001d0 t png_build_16bit_table
00109990 00000114 t png_colorspace_endpoints_match
00109aa4 00000498 t png_free_data.part.3
00109f40 00000088 t png_muldiv.part.9
00109fc8 00000070 t png_gamma_8bit_correct.part.15
0010a038 00000200 t png_icc_profile_error
0010a238 0000003c T png_set_sig_bytes
0010a274 00000070 T png_sig_cmp
0010a2e4 00000020 T png_reset_crc
0010a304 00000054 T png_calculate_crc
0010a358 00000110 T png_user_version_check
0010a468 00000114 T png_create_png_struct
0010a57c 00000040 T png_create_info_struct
0010a5bc 000003a0 T png_destroy_info_struct
0010a95c 00000010 T png_free_data
0010a96c 0000000c T png_get_io_ptr
0010a978 00000094 T png_chunk_unknown_handling
0010aa0c 000000e4 T png_zstream_error
0010aaf0 00000158 T png_colorspace_set_gamma
0010ac48 00000084 T png_colorspace_sync
0010acd0 00000204 T png_colorspace_set_sRGB
0010aed4 00000198 T png_icc_check_length
0010b06c 0000037c T png_icc_check_header
0010b3e8 00000138 T png_icc_check_tag_table
0010b520 00000250 T png_icc_set_sRGB
0010b770 00000284 T png_colorspace_set_rgb_coefficients
0010b9f4 000002ac T png_check_IHDR
0010bca0 000002a8 T png_check_fp_number
0010bf48 000002d4 T png_check_fp_string
0010c220 000000c8 T png_muldiv
0010c2e8 00000078 T png_reciprocal
0010c360 00000b6c T png_colorspace_set_chromaticities
0010cecc 00000020 T png_gamma_significant
0010cef0 000000a0 T png_reciprocal2
0010cf90 00000090 T png_gamma_8bit_correct
0010d020 00000104 T png_gamma_correct
0010d124 00000134 T png_destroy_gamma_table
0010d258 00000880 T png_build_gamma_table
0010dad8 000001f0 t png_format_buffer.isra.0
0010dcc8 00000078 T png_safecat
0010dd40 00000170 T png_format_number
0010deb0 0000014c T png_warning
0010dffc 000001ac T png_chunk_warning
0010e1a8 00000094 T png_free_jmpbuf
0010e23c 0000002c T png_longjmp
0010e268 00000060 T png_error
0010e2c8 0000015c T png_app_warning
0010e424 0000015c T png_app_error
0010e580 0000002c T png_chunk_error
0010e5ac 000001a4 T png_chunk_benign_error
0010e750 000002d4 T png_benign_error
0010ea24 000000f0 T png_set_longjmp_fn
0010eb14 000002dc T png_chunk_report
0010edf0 00000014 T png_set_error_fn
0010ee04 0000001c T png_get_valid
0010ee20 000000a0 T png_get_IHDR
0010eec0 00000064 T png_destroy_png_struct
0010ef24 00000078 T png_calloc
0010ef9c 00000030 T png_malloc_base
0010efcc 0000008c T png_malloc_array
0010f058 00000104 T png_realloc_array
0010f15c 0000005c T png_malloc
0010f1b8 00000064 T png_malloc_warn
0010f21c 00000024 T png_free
0010f240 00000014 T png_set_mem_fn
0010f254 00000110 t png_do_read_intrapixel
0010f364 00000408 t png_read_info.part.3
0010f76c 00000058 T png_create_read_struct
0010f7c4 00000010 T png_read_info
0010f7d4 00000040 T png_read_update_info
0010f814 000003bc T png_read_image
0010fbd0 00000134 T png_destroy_read_struct
0010fd04 00000038 T png_default_read_data
0010fd3c 00000020 T png_read_data
0010fd5c 00000050 T png_set_read_fn
0010fdac 00000218 t png_do_gray_to_rgb
0010ffc4 00001170 t png_do_compose
00111134 00000038 T png_set_scale_16
0011116c 0000003c T png_set_expand
001111a8 0000003c T png_set_palette_to_rgb
001111e4 00000038 T png_set_expand_gray_1_2_4_to_8
0011121c 0000003c T png_set_tRNS_to_alpha
00111258 00000038 T png_set_gray_to_rgb
00111290 00000cc4 T png_init_read_transformations
00111f54 000002c4 T png_read_transform_info
00112218 000023f0 T png_do_read_transformations
00114608 000001d0 t png_read_filter_row_sub
001147d8 000001ac t png_read_filter_row_up
00114984 00000080 t png_read_filter_row_avg
00114a04 0000008c t png_read_filter_row_paeth_1byte_pixel
00114a90 0000026c t png_read_filter_row_paeth_multibyte_pixel
00114cfc 00000100 t png_inflate_claim
00114dfc 00000170 t png_inflate.constprop.7
00114f6c 000001b4 t png_inflate_read.part.2.constprop.5
00115120 000000dc t png_crc_finish.constprop.9
001151fc 000002b8 t png_decompress_chunk.constprop.6
001154b4 000000ac T png_read_sig
00115560 00000158 T png_read_chunk_header
001156b8 0000015c T png_crc_finish
00115814 00000178 T png_handle_IHDR
0011598c 00000250 T png_handle_PLTE
00115bdc 00000054 T png_handle_IEND
00115c30 000000e4 T png_handle_gAMA
00115d14 00000214 T png_handle_sBIT
00115f28 00000300 T png_handle_cHRM
00116228 00000108 T png_handle_sRGB
00116330 000005dc T png_handle_iCCP
0011690c 00000330 T png_handle_sPLT
00116c3c 0000023c T png_handle_tRNS
00116e78 00000224 T png_handle_bKGD
0011709c 0000013c T png_handle_hIST
001171d8 0000013c T png_handle_pHYs
00117314 0000015c T png_handle_oFFs
00117470 00000378 T png_handle_pCAL
001177e8 00000284 T png_handle_sCAL
00117a6c 00000114 T png_handle_tIME
00117b80 000001c4 T png_handle_tEXt
00117d44 0000024c T png_handle_zTXt
00117f90 00000348 T png_handle_iTXt
001182d8 0000036c T png_handle_unknown
00118644 000004dc T png_combine_row
00118b20 00000484 T png_do_read_interlace
00118fa4 00000090 T png_read_filter_row
00119034 00000454 T png_read_IDAT_data
00119488 00000368 T png_read_finish_row
001197f0 00000340 T png_read_start_row
00119b30 00000050 T png_set_bKGD
00119b80 000000ac T png_set_hIST
00119c2c 000000dc T png_set_IHDR
00119d08 0000002c T png_set_oFFs
00119d34 00000268 T png_set_pCAL
00119f9c 00000164 T png_set_sCAL_s
0011a100 0000002c T png_set_pHYs
0011a12c 00000130 T png_set_PLTE
0011a25c 00000044 T png_set_sBIT
0011a2a0 00000334 T png_set_text_2
0011a5d4 000000a0 T png_set_tIME
0011a674 00000138 T png_set_tRNS
0011a7ac 00000184 T png_set_sPLT
0011a930 0000018c T png_set_unknown_chunks
0011aabc 00000028 T png_set_packing
0011aae4 00000030 T png_set_interlace_handling
0011ab14 00000088 T png_set_filler
0011ab9c 000001ec T png_do_invert
0011ad88 0000004c T png_do_swap
0011add4 0000006c T png_do_packswap
0011ae40 0000022c T png_do_strip_channel
0011b06c 0000013c T png_do_bgr
0011b1a8 000001d0 T png_do_check_palette_indexes
0011b378 0000044c T adler32
0011b7c4 0000059c T crc32
0011bd60 0000009c T inflateReset
0011bdfc 00000120 T inflateReset2
0011bf1c 00000178 T inflateInit2_
0011c094 00001ffc T inflate
0011e090 00000060 T inflateEnd
0011e0f0 00000b64 T inflate_table
0011ec54 00000008 T zcalloc
0011ec5c 00000008 T zcfree
0011ec64 00000df0 T inflate_fast
0011fa54 00000118 T sf2d_create_texture
0011fb6c 00000094 T sf2d_create_rendertarget
0011fc00 00000020 T sf2d_free_texture
0011fc20 00000014 T sf2d_clear_target
0011fc34 00000054 T sf2d_bind_texture
0011fc88 0000018c T sf2d_draw_texture_scale
0011fe14 00000168 T sf2d_draw_texture_part_scale
0011ff7c 00000110 T sf2d_texture_tile32
0012008c 00000048 T sf2d_fini
001200d4 000000a0 T sf2d_start_frame_target
00120174 00000038 T sf2d_start_frame
001201ac 00000004 T sf2d_end_frame
001201b0 000000b0 T sf2d_swapbuffers
00120260 00000040 T sf2d_pool_memalign
001202a0 00000038 T sf2d_set_clear_color
001202d8 000001ac t sf2d_init_advanced.part.0
00120484 00000028 T sf2d_init
001204ac 00000094 T sf2d_setup_env_internal
00120540 000000bc T sf2d_draw_rectangle
001205fc 000002b4 T C3D_UpdateUniforms
001208b0 000000c0 T C3Di_DirtyUniforms
00120970 000000e8 T C3Di_LoadShaderUniforms
00120a58 00000028 T C3Di_ClearShaderUniforms
00120a80 00000028 T AttrInfo_Init
00120aa8 000000ac T AttrInfo_AddLoader
00120b54 00000024 T C3D_GetAttrInfo
00120b78 00000080 T C3Di_AttrInfoBind
00120bf8 0000003c T C3D_DepthMap
00120c34 0000001c T C3D_CullFace
00120c50 00000040 T C3D_StencilTest
00120c90 00000024 T C3D_StencilOp
00120cb4 0000001c T C3D_BlendingColor
00120cd0 0000002c T C3D_DepthTest
00120cfc 0000002c T C3D_AlphaTest
00120d28 00000050 T C3D_AlphaBlend
00120d78 00000030 T C3D_FragOpMode
00120da8 0000011c T C3Di_EffectBind
00120ec4 00000148 T C3D_DrawArrays
0012100c 00000020 T BufInfo_Init
0012102c 00000084 T BufInfo_Add
001210b0 00000024 T C3D_GetBufInfo
001210d4 00000048 T C3Di_BufInfoBind
0012111c 00000034 T TexEnv_Init
00121150 00000034 T C3D_GetTexEnv
00121184 00000024 T C3Di_TexEnvBind
001211a8 000000b8 T C3D_TexInit
00121260 000000b8 T C3D_TexInitVRAM
00121318 00000028 T C3D_TexSetWrap
00121340 00000034 T C3D_TexBind
00121374 0000003c T C3D_TexDelete
001213b0 0000003c t C3Di_RenderQueueWaitDone
001213ec 00000078 t performTransfer.part.0
00121464 00000050 t transferTarget
001214b4 00000024 t onVBlank1
001214d8 0000008c t onVBlank0
00121564 0000003c t performClear.part.2
001215a0 0000004c t clearTarget
001215ec 000000c0 t updateFrameQueue.part.4
001216ac 000000e0 t onRenderFinish
0012178c 000000bc t onTransferFinish
00121848 0000005c t checkRenderQueueInit.part.7
001218a4 00000070 t onClearDone
00121914 0000006c T C3D_FrameBegin
00121980 00000078 T C3D_FrameDrawOn
001219f8 000000cc T C3D_FrameEnd
00121ac4 000000e0 T C3D_RenderTargetCreate
00121ba4 0000007c T C3D_RenderTargetDelete
00121c20 00000084 t C3Di_RenderQueueExit
00121ca4 00000050 T C3D_RenderTargetSetClear
00121cf4 00000058 T C3D_RenderTargetSetOutput
00121d4c 00000088 t C3Di_AptEventHook
00121dd4 00000174 T C3D_Init
00121f48 00000098 T C3D_SetViewport
00121fe0 00000584 T C3Di_UpdateContext
00122564 000000e0 T C3Di_FinalizeFrame
00122644 00000048 T C3D_Fini
0012268c 000000d4 T C3D_BindProgram
00122760 000000c8 T Mtx_OrthoTilt
00122828 000000a4 T C3D_RenderBufInit
001228cc 00000080 T C3D_RenderBufClearAsync
0012294c 00000028 T C3D_RenderBufTransferAsync
00122974 00000038 T C3D_RenderBufBind
001229ac 00000170 T C3Di_RenderBufBind
00122b1c 00000018 T C3D_RenderBufDelete
00122b34 000000b4 T C3D_ImmSendAttrib
00122be8 00000024 t addrMapNodeComparator(rbtree_node const*, rbtree_node const*)
00122c0c 00000004 t addrMapNodeDestructor(rbtree_node*)
00122c10 0000013c T linearMemAlign
00122d4c 00000008 T linearAlloc
00122d54 00000050 T linearFree
00122da4 00000024 t addrMapNodeComparator(rbtree_node const*, rbtree_node const*)
00122dc8 00000004 t addrMapNodeDestructor(rbtree_node*)
00122dcc 0000012c T vramMemAlign
00122ef8 00000008 T vramAlloc
00122f00 00000050 T vramFree
00122f50 0000008c t gfxSetFramebufferInfo.part.0
00122fdc 00000010 T gfxSet3D
00122fec 00000010 T gfxIs3D
00122ffc 00000174 T gfxSetScreenFormat
00123170 00000070 T gfxSetFramebufferInfo
001231e0 00000088 T gfxWriteFramebufferInfo
00123268 000001fc T gfxInit
00123464 00000010 T gfxInitDefault
00123474 000000e0 T gfxExit
00123554 000000b0 T gfxGetFramebuffer
00123604 00000070 T gfxConfigScreen
00123674 00000058 t getSysTime
001236cc 0000004c T osConvertVirtToPhys
00123718 00000024 T osGetMemRegionUsed
00123740 000000f4 T __libctru_gtod
00123838 00000078 T osGetTime
001238b0 00000034 T __ctru_speedup_config
001238e4 0000002c T GPUCMD_SetBuffer
00123910 00000040 T GPUCMD_GetBuffer
00123950 000000ec T GPUCMD_Add
00123a3c 00000098 T GPUCMD_Finalize
00123ad4 00000044 T f32tof24
00123b18 00000040 T f32tof31
00123b58 00000054 T GX_ProcessCommandList
00123bac 00000060 T GX_MemoryFill
00123c0c 00000050 T GX_DisplayTransfer
00123c5c 00000054 T GX_FlushCacheRegions
00123cb0 00000038 T DVLB_Free
00123ce8 00000078 T DVLE_GetUniformRegister
00123d60 000001ec T DVLE_GenerateOutmap
00123f4c 000001c0 T DVLB_ParseFile
0012410c 000001f4 T shaderInstanceInit
00124300 00000034 T shaderInstanceFree
00124334 00000018 T shaderInstanceGetUniformLocation
0012434c 00000018 T shaderProgramInit
00124364 0000002c T shaderProgramFree
00124390 0000006c T shaderProgramSetVsh
001243fc 00000894 T shaderProgramConfigure
00124c90 00000070 T ptmSysmInit
00124d00 00000034 T ptmSysmExit
00124d34 00000034 T PTMSYSM_ConfigureNew3DSCPU
00124d68 000000d0 T hidExit
00124e38 00000234 T hidScanInput
0012506c 00000010 T hidKeysHeld
0012507c 00000010 T hidKeysDown
0012508c 00000090 T HIDUSER_GetHandles
0012511c 0000018c T hidInit
001252a8 00000004 W _aptDebug
001252ac 00000130 T aptSendCommand
001253dc 0000003c t aptExitProcess
00125418 00000038 T aptHook
00125450 0000002c T aptUnhook
0012547c 0000004c T APT_InquireNotification
001254c8 0000019c t aptEventHandler
00125664 00000074 T APT_AppletUtility
001256d8 000000b4 T APT_GlanceParameter
0012578c 000000c0 T APT_ReceiveParameter
0012584c 000000a8 t aptReceiveParameter.constprop.1
001258f4 00000228 t aptWaitForWakeUp
00125b1c 00000070 T APT_CancelParameter
00125b8c 00000230 T aptInit
00125dbc 0000008c t aptClearParamQueue
00125e48 00000148 T aptExit
00125f90 00000070 T APT_CheckNew3DS
00126000 00000160 t gspEventThreadMain
00126160 00000074 T gspInit
001261d4 0000003c T gspExit
00126210 0000002c T gspSetEventCallback
0012623c 00000088 T gspInitEventHandler
001262c4 00000030 T gspExitEventHandler
001262f4 00000044 T gspWaitForEvent
00126338 0000006c T gspWaitForAnyEvent
001263a4 00000124 T gspSubmitGxCommand
001264c8 0000006c T GSPGPU_SetBufferSwap
00126534 00000034 T GSPGPU_SetLcdForceBlack
00126568 00000064 T GSPGPU_RegisterInterruptRelayQueue
001265cc 0000002c T GSPGPU_UnregisterInterruptRelayQueue
001265f8 00000048 T GSPGPU_AcquireRight
00126640 0000002c T GSPGPU_ReleaseRight
0012666c 0000002c T GSPGPU_RestoreVramSysArea
00126698 000000b0 T irrstScanInput
00126748 0000001c T irrstKeysHeld
00126764 00000050 T IRRST_GetHandles
001267b4 00000150 T irrstInit
00126904 0000002c T IRRST_Shutdown
00126930 000000ac T irrstExit
001269dc 00000070 T rbtree_find
00126a4c 00000324 T rbtree_remove
00126d70 00000074 T rbtree_node_next
00126de4 00000094 T rbtree_rotate
00126e78 0000018c t do_insert
00127004 00000008 T rbtree_insert
0012700c 00000014 T rbtree_init
00127020 000000e8 T __system_initArgv
00127108 00000058 t osGetMemRegionSize
00127160 00000104 W __system_allocateHeaps
00127264 00000038 W __libctru_init
0012729c T svcControlMemory
001272bc T svcExitProcess
001272c4 T svcCreateThread
001272e4 T svcExitThread
001272ec T svcSleepThread
001272f4 T svcReleaseMutex
001272fc T svcCreateEvent
00127310 T svcSignalEvent
00127318 T svcClearEvent
00127320 T svcMapMemoryBlock
00127328 T svcUnmapMemoryBlock
00127330 T svcCreateAddressArbiter
00127344 T svcArbitrateAddress
0012735c T svcCloseHandle
00127364 T svcWaitSynchronization
0012736c T svcWaitSynchronizationN
00127394 T svcDuplicateHandle
001273a8 T svcGetSystemTick
001273b0 T svcGetSystemInfo
001273c8 T svcConnectToPort
001273dc T svcSendSyncRequest
001273e4 T svcBreak
001273ec 00000098 T MemPool::CoalesceRight(MemBlock*)
00127484 00000178 T MemPool::Allocate(MemChunk&, unsigned long, int)
001275fc 00000100 T MemPool::Deallocate(MemChunk const&)
001276fc 00000024 t addrMapNodeComparator(rbtree_node const*, rbtree_node const*)
00127720 00000004 t addrMapNodeDestructor(rbtree_node*)
00127724 000000f4 T mappableAlloc
00127818 00000050 T mappableFree
00127868 000001bc T threadCreate
00127a24 00000024 T threadJoin
00127a48 00000070 T threadExit
00127ab8 00000040 t _thread_begin
00127af8 00000050 T srvExit
00127b48 00000038 T srvRegisterClient
00127b80 00000078 T srvInit
00127bf8 00000068 T srvGetServiceHandleDirect
00127c60 00000038 T srvGetServiceHandle
00127c98 00000084 T envGetHandle
00127d1c 0000004c T envDestroyHandles
00127d68 00000034 t LightLock_Unlock.part.1
00127d9c 0000000c T __sync_init
00127da8 00000018 T __sync_fini
00127dc0 00000010 T __sync_get_arbiter
00127dd0 00000018 T LightLock_Init
00127de8 000000a0 T LightLock_Lock
00127e88 00000034 T LightLock_TryLock
00127ebc 00000020 T LightLock_Unlock
00127edc 00000024 T RecursiveLock_Init
00127f00 00000030 T RecursiveLock_Lock
00127f30 00000058 T RecursiveLock_TryLock
00127f88 00000038 T RecursiveLock_Unlock
00127fc0 00000038 T LightEvent_Init
00127ff8 0000007c T LightEvent_Clear
00128074 000000dc T LightEvent_Signal
00128150 000000d0 T LightEvent_Wait
00128220 000000a4 W __libctru_exit
001282c4 0000001c W __appExit
001282e0 00000030 t __ctru_get_reent
00128310 000000e4 T __system_initSyscalls
001283f4 0000001c W __appInit
00128410 00000010 t sdmc_link
00128420 00000010 t sdmc_dirreset
00128430 00000010 t sdmc_fchmod
00128440 00000024 t error_cmp
00128464 00000050 t sdmc_translate_error
001284b4 00000034 t sdmc_fsync
001284e8 00000054 t sdmc_ftruncate
0012853c 000000b8 t sdmc_statvfs
001285f4 00000038 t sdmc_dirclose
0012862c 00000138 t sdmc_dirnext
00128764 00000034 t sdmc_close
00128798 00000074 t sdmc_fstat
0012880c 000000d8 t sdmc_seek
001288e4 00000084 t sdmc_read
00128968 00000110 t sdmc_write_safe
00128a78 000001b4 t sdmc_utf16path
00128c2c 00000074 t sdmc_rmdir
00128ca0 000000a4 t sdmc_diropen
00128d44 000000a0 t sdmc_chdir
00128de4 00000098 t sdmc_mkdir
00128e7c 00000108 t sdmc_rename
00128f84 00000074 t sdmc_unlink
00128ff8 00000108 t sdmc_stat
00129100 00000188 t sdmc_open
00129288 00000010 t sdmc_chmod
00129298 0000015c T sdmcInit
001293f4 00000058 T sdmcExit
0012944c 00000028 t fsSessionForArchive.part.0
00129474 000000c8 T fsInit
0012953c 00000038 T fsExit
00129574 000000a0 T fsExemptFromSession
00129614 00000054 T fsUnexemptFromSession
00129668 000000bc T FSUSER_OpenFile
00129724 000000a4 T FSUSER_DeleteFile
001297c8 000000e0 T FSUSER_RenameFile
001298a8 000000a4 T FSUSER_DeleteDirectory
0012994c 000000bc T FSUSER_CreateFile
00129a08 000000ac T FSUSER_CreateDirectory
00129ab4 000000e0 T FSUSER_RenameDirectory
00129b94 000000a4 T FSUSER_OpenDirectory
00129c38 00000098 T FSUSER_OpenArchive
00129cd0 00000074 T FSUSER_CloseArchive
00129d44 00000078 T FSUSER_GetSdmcArchiveResource
00129dbc 00000064 T FSUSER_IsSdmcWritable
00129e20 0000005c T FSFILE_Read
00129e7c 00000064 T FSFILE_Write
00129ee0 0000003c T FSFILE_GetSize
00129f1c 0000002c T FSFILE_SetSize
00129f48 0000003c T FSFILE_Close
00129f84 00000024 T FSFILE_Flush
00129fa8 00000054 T FSDIR_Read
00129ffc 0000003c T FSDIR_Close
0012a038 000000c0 T utf8_to_utf16
0012a0f8 00000138 T decode_utf8
0012a230 000000e8 T utf16_to_utf8
0012a318 00000104 T encode_utf8
0012a41c 00000068 T encode_utf16
0012a484 T __aeabi_read_tp
0012a490 00000060 T decode_utf16
0012a4f0 0000001c t getS
0012a50c 0000010c t findfield
0012a618 000000f0 t pushglobalfuncname
0012a708 00000078 t errfile
0012a780 00000064 t getF
0012a7e4 000000d0 t skipBOM
0012a8b4 00000048 t panic
0012a8fc 00000028 t l_alloc
0012a924 000000a8 t skipcomment.part.0
0012a9cc 00000070 T luaL_where
0012aa3c 00000054 T luaL_error
0012aa90 00000108 T luaL_argerror
0012ab98 0000008c t resizebox
0012ac24 00000018 t boxgc
0012ac3c 00000094 T luaL_fileresult
0012acd0 00000060 T luaL_execresult
0012ad30 0000008c T luaL_newmetatable
0012adbc 00000028 T luaL_setmetatable
0012ade4 0000007c T luaL_testudata
0012ae60 0000004c T luaL_checkstack
0012aeac 000002b4 T luaL_traceback
0012b160 00000030 T luaL_checkany
0012b190 00000114 T luaL_prepbuffsize
0012b2a4 00000034 t luaL_addlstring.part.3
0012b2d8 0000000c T luaL_addlstring
0012b2e4 0000002c T luaL_addstring
0012b310 0000005c T luaL_pushresult
0012b36c 00000010 T luaL_pushresultsize
0012b37c 000000a4 T luaL_addvalue
0012b420 00000020 T luaL_buffinit
0012b440 0000002c T luaL_buffinitsize
0012b46c 000002ec T luaL_loadfilex
0012b758 00000030 T luaL_loadbufferx
0012b788 00000078 T luaL_getmetafield
0012b800 000000a0 t typeerror
0012b8a0 0000003c T luaL_checkudata
0012b8dc 0000003c T luaL_checktype
0012b918 00000044 T luaL_checklstring
0012b95c 00000054 T luaL_optlstring
0012b9b0 00000094 T luaL_checkoption
0012ba44 00000050 T luaL_checknumber
0012ba94 00000040 T luaL_optnumber
0012bad4 000000a0 T luaL_checkinteger
0012bb74 0000003c T luaL_optinteger
0012bbb0 00000060 T luaL_callmeta
0012bc10 00000060 T luaL_len
0012bc70 00000200 T luaL_tolstring
0012be70 0000009c T luaL_setfuncs
0012bf0c 00000074 T luaL_getsubtable
0012bf80 000000fc T luaL_requiref
0012c07c 000000b4 T luaL_gsub
0012c130 00000030 T luaL_newstate
0012c160 00000098 T luaL_checkversion_
0012c1f8 00000100 t findlocal
0012c2f8 00000028 t swapextra.part.1
0012c320 000003b4 t getobjname
0012c6d4 00000070 t kname
0012c744 0000010c t varinfo
0012c850 00000040 T lua_sethook
0012c890 00000008 T lua_gethook
0012c898 00000008 T lua_gethookmask
0012c8a0 00000008 T lua_gethookcount
0012c8a8 00000048 T lua_getstack
0012c8f0 000000d8 T lua_getlocal
0012c9c8 00000090 T lua_setlocal
0012ca58 000005e8 T lua_getinfo
0012d040 00000068 T luaG_addinfo
0012d0a8 00000060 T luaG_errormsg
0012d108 0000007c T luaG_runerror
0012d184 00000044 T luaG_typeerror
0012d1c8 00000024 T luaG_concaterror
0012d1ec 00000050 T luaG_opinterror
0012d23c 00000064 T luaG_tointerror
0012d2a0 00000064 T luaG_ordererror
0012d304 00000158 T luaG_traceexec
0012d45c 00000074 t seterrorobj
0012d4d0 0000003c t resume_error
0012d50c 000000a0 T luaD_throw
0012d5ac 0000004c t checkmode
0012d5f8 000000d4 t f_parser
0012d6cc 00000078 T luaD_rawrunprotected
0012d744 0000011c T luaD_reallocstack
0012d860 00000084 T luaD_growstack
0012d8e4 000000a8 T luaD_shrinkstack
0012d98c 00000034 T luaD_inctop
0012d9c0 000000c4 T luaD_hook
0012da84 00000184 T luaD_poscall
0012dc08 00000070 t finishCcall
0012dc78 00000068 t unroll
0012dce0 000003cc T luaD_precall
0012e0ac 000000bc t resume
0012e168 0000006c T luaD_call
0012e1d4 00000028 T luaD_callnoyield
0012e1fc 000001f4 T lua_resume
0012e3f0 00000010 T lua_isyieldable
0012e400 00000094 T lua_yieldk
0012e494 00000074 T luaD_pcall
0012e508 000000ec T luaD_protectedparser
0012e5f4 00000054 T luaL_openlibs
0012e648 00000058 t pushnumint
0012e6a0 00000030 t math_rad
0012e6d0 00000030 t math_deg
0012e700 00000024 t math_tan
0012e724 00000040 t math_sqrt
0012e764 00000024 t math_sin
0012e788 00000024 t math_randomseed
0012e7b0 0000017c t math_random
0012e92c 00000080 t math_min
0012e9ac 00000080 t math_max
0012ea30 000000c8 t math_log
0012eaf8 00000044 t math_ult
0012eb3c 00000024 t math_exp
0012eb60 00000024 t math_cos
0012eb88 00000050 t math_atan
0012ebd8 00000024 t math_asin
0012ebfc 00000024 t math_acos
0012ec20 0000005c t math_type
0012ec7c 0000004c t math_ceil
0012ecc8 000000a0 t math_modf
0012ed68 0000004c t math_floor
0012edb4 00000060 t math_toint
0012ee14 00000078 t math_abs
0012ee8c 000000f0 t math_fmod
0012ef80 000000e4 T luaopen_math
0012f064 0000009c t stack_init
0012f100 000000c8 t f_luaopen
0012f1c8 00000028 T luaE_setdebt
0012f1f0 00000040 T luaE_extendCI
0012f230 00000054 T luaE_freeCI
0012f284 0000003c t freestack
0012f2c0 00000060 t close_state
0012f320 000001ac T lua_newstate
0012f4cc 00000078 T luaE_shrinkCI
0012f544 000000fc T lua_newthread
0012f640 00000038 T luaE_freethread
0012f678 0000000c T lua_close
0012f684 00000034 t str_len
0012f6b8 00000144 t unpackint
0012f7fc 00000198 t str_byte
0012f994 000000b4 t packint
0012fa48 00000014 t writer
0012fa5c 000001b8 t match_class
0012fc14 000000ac t matchbracketclass
0012fcc0 00000090 t str_upper
0012fd50 0000007c t str_reverse
0012fdcc 00000090 t str_lower
0012fe5c 00000134 t str_sub
0012ff90 00000158 t str_rep
001300e8 000000a4 t gmatch
0013018c 000000a8 t str_char
00130234 00000050 t addlenmod
00130284 00000800 t str_format
00130a84 00000058 t getnum.part.1
00130adc 00000068 t copywithendian
00130b44 0000005c t getnumlimit.isra.3
00130ba0 00000338 t getoption
00130ed8 00000108 t getdetails
00130fe0 00000138 t str_packsize
00131118 00000310 t str_unpack
00131428 00000580 t str_pack
001319a8 000000e0 t classend.isra.4
00131a88 000000c4 t push_onecapture
00131b4c 000000a4 t push_captures
00131bf0 00000048 t singlematch.isra.6.part.7
00131c38 000000a0 t str_dump
00131cd8 00000538 t match
00132210 000002c0 t str_find_aux
001324d0 00000008 t str_match
001324d8 00000008 t str_find
001324e0 00000474 t str_gsub
00132954 00000090 t gmatch_aux
001329e8 000000bc T luaopen_string
00132aa4 000000dc t getfield
00132b80 00000060 t os_setlocale
00132be0 0000004c t os_rename
00132c2c 00000034 t os_remove
00132c60 0000002c t os_getenv
00132c8c 00000080 t os_exit
00132d0c 00000044 t os_execute
00132d50 00000044 t l_checktime
00132d94 0000003c t os_difftime
00132dd0 00000038 t os_clock
00132e08 0000004c t os_tmpname
00132e54 00000168 t setallfields
00132fbc 0000018c t os_time
00133148 0000026c t os_date
001333b8 0000004c T luaopen_os
00133404 00000010 t dofilecont
00133414 0000004c t finishpcall
00133460 0000008c t luaB_xpcall
001334ec 00000054 t luaB_type
00133540 00000078 t luaB_pcall
001335b8 00000028 t luaB_tostring
001335e0 000000cc t luaB_select
001336ac 00000244 t luaB_tonumber
001338f0 0000004c t luaB_rawset
0013393c 00000040 t luaB_rawget
0013397c 00000054 t luaB_rawlen
001339d0 00000040 t luaB_rawequal
00133a10 0000012c t luaB_print
00133b3c 00000048 t luaB_ipairs
00133b84 0000004c t luaB_next
00133bd0 000000d0 t generic_reader
00133ca0 0000004c t ipairsaux
00133cec 00000080 t luaB_error
00133d70 000000d8 t luaB_collectgarbage
00133e48 00000098 t luaB_setmetatable
00133ee0 0000006c t load_aux
00133f4c 000000f8 t luaB_load
00134044 00000070 t luaB_loadfile
001340b4 0000004c t luaB_getmetatable
00134100 00000084 t luaB_dofile
00134184 00000074 t luaB_assert
001341f8 00000090 t luaB_pairs
00134288 0000007c T luaopen_base
00134304 000000e8 t utf8_decode
001343ec 0000004c t iter_codes
00134438 00000120 t iter_aux
00134558 00000214 t utflen
0013476c 0000024c t byteoffset
001349b8 00000058 t pushutfchar
00134a10 00000094 t utfchar
00134aa4 0000023c t codepoint
00134ce0 00000070 T luaopen_utf8
00134d50 00000030 t error_expected
00134d80 00000018 t checknext
00134d98 00000028 t str_checkname
00134dc0 00000038 t checkname
00134df8 00000048 t fieldsel
00134e40 00000060 t adjustlocalvars.isra.0
00134ea0 000000b0 t newlabelentry.isra.4
00134f50 00000074 t checklimit.part.8
00134fc4 00000170 t new_localvar
00135134 00000138 t newupvalue.isra.9
0013526c 00000184 t singlevaraux
001353f0 0000008c t singlevar
0013547c 000000e8 t closegoto.isra.16
00135564 00000064 t findgotos
001355c8 000000bc t findlabel
00135684 0000007c t gotostat
00135700 00000074 t check_match
00135774 000000c0 t adjust_assign.isra.18
00135834 00000234 t leaveblock
00135a68 00000180 t close_func.isra.19
00135be8 00000aa0 t statement
00136688 00000054 t statlist
001366dc 00000320 t body
001369fc 00000564 t subexpr
00136f60 0000003c t yindex
00136f9c 000000ac t recfield.isra.20
00137048 00000268 t constructor
001372b0 00000064 t explist
00137314 00000158 t funcargs
0013746c 00000158 t suffixedexp
001375c4 000001dc t assignment
001377a0 00000040 t cond
001377e0 00000030 t exp1
00137810 00000058 t block
00137868 00000160 t forbody
001379c8 000001a0 t test_then_block
00137b68 000001d4 T luaY_parser
00137d3c 0000004c t check_next1.isra.0.part.1
00137d88 00000068 T luaX_init
00137df0 00000050 T luaX_token2str
00137e40 0000009c t lexerror
00137edc 00000074 t save
00137f50 000000dc t skip_sep
0013802c 00000078 t check_next2
001380a4 000000d0 t inclinenumber
00138174 00000070 t esccheck.part.4
001381e4 0000007c t gethexa
00138260 000001a8 t read_numeral
00138408 0000000c T luaX_syntaxerror
00138414 00000094 T luaX_newstring
001384a8 000001f8 t read_long_string
001386a0 00001034 t llex
001396d4 00000080 T luaX_setinput
00139754 00000050 T luaX_next
001397a4 00000018 T luaX_lookahead
001397bc 00000018 t db_getregistry
001397d4 0000007c t auxupvalue
00139850 00000020 t db_setupvalue
00139870 00000008 t db_getupvalue
00139878 00000068 t checkupval
001398e0 00000050 t db_setmetatable
00139930 0000003c t checkstack
0013996c 00000048 t treatstackoption
001399b4 00000040 t db_setuservalue
001399f4 00000038 t db_upvalueid
00139a2c 000000a4 t db_upvaluejoin
00139ad0 00000034 t db_getmetatable
00139b04 00000038 t db_getuservalue
00139b3c 00000124 t db_debug
00139c60 00000040 t getthread
00139ca0 000000a0 t db_traceback
00139d40 000000f0 t db_setlocal
00139e30 000001cc t db_sethook
00139ffc 00000128 t db_getlocal
0013a124 00000380 t db_getinfo
0013a4a4 00000140 t db_gethook
0013a5e4 000000a4 t hookf
0013a688 0000004c T luaopen_debug
0013a6d4 00000038 t set2
0013a70c 00000118 t unpack
0013a824 0000009c t pack
0013a8c0 00000074 t addfield
0013a934 000000fc t checktab
0013aa30 00000238 t tmove
0013ac68 0000013c t tremove
0013ada4 00000120 t tinsert
0013aec4 00000110 t tconcat
0013afd4 000000a4 t sort_comp
0013b078 00000390 t auxsort
0013b408 000000ac t sort
0013b4b8 0000004c T luaopen_table
0013b504 00000054 T luaT_init
0013b558 00000034 T luaT_gettm
0013b58c 00000068 T luaT_gettmbyobj
0013b5f4 00000094 T luaT_objtypename
0013b688 000000c0 T luaT_callTM
0013b748 00000084 T luaT_callbinTM
0013b7cc 0000010c T luaT_trybinTM
0013b8d8 00000064 T luaT_callorderTM
0013b93c 00000044 T luaS_eqlngstr
0013b980 00000050 T luaS_hash
0013b9d0 00000084 T luaS_hashlongstr
0013ba54 0000010c T luaS_resize
0013bb60 00000160 t internshrstr
0013bcc0 00000040 T luaS_clearcache
0013bd00 0000005c T luaS_init
0013bd5c 00000038 T luaS_createlngstrobj
0013bd94 00000058 T luaS_remove
0013bdec 00000048 T luaS_newlstr
0013be34 000000a4 T luaS_new
0013bed8 00000048 T luaS_newudata
0013bf20 00000114 t intarith
0013c034 0000007c t l_str2dloc
0013c0b0 0000002c t pushstr
0013c0e0 000000c8 t numarith.isra.0
0013c1a8 0000004c t luaO_utf8esc.part.1
0013c1f4 00000070 T luaO_int2fb
0013c264 0000001c T luaO_fb2int
0013c280 00000034 T luaO_ceillog2
0013c2b4 000001b0 T luaO_arith
0013c464 00000024 T luaO_hexavalue
0013c488 000002d0 T luaO_str2num
0013c758 0000001c T luaO_utf8esc
0013c774 000000e8 T luaO_tostring
0013c85c 00000030 T luaO_pushfstring
0013c88c 000003a8 T luaO_pushvfstring
0013cc34 00000168 T luaO_chunkid
0013cd9c 00000084 t l_strcmp
0013ce20 00000054 t copy2buff
0013ce74 000000ac T luaV_tonumber_
0013cf20 00000118 T luaV_tointeger
0013d038 00000150 T luaV_finishget
0013d188 000001f0 T luaV_finishset
0013d378 00000200 T luaV_lessthan
0013d578 00000258 T luaV_lessequal
0013d7d0 000002c4 T luaV_equalobj
0013da94 00000274 T luaV_concat
0013dd08 00000124 T luaV_objlen
0013de2c 000000a8 T luaV_div
0013ded4 00000088 T luaV_mod
0013df5c 00000084 T luaV_shiftl
0013dfe0 000001c4 T luaV_finishOp
0013e1a8 00001d18 T luaV_execute
0013fec0 00000098 t patchtestreg
0013ff58 0000005c t removevalues
0013ffb4 00000094 t need_value
00140048 00000174 t addk
001401bc 00000054 t negatecondition.isra.8
00140210 00000054 t fixjump.isra.9
00140264 000000b8 t patchlistaux
0014031c 000000ec t luaK_code
00140408 00000024 t freeexp.isra.5.part.6
0014042c 00000110 t freeexps.isra.7
0014053c 000001f4 t constfolding.isra.11
00140730 000000c8 T luaK_nil
001407f8 0000006c T luaK_concat
00140864 00000044 T luaK_jump
001408a8 00000014 T luaK_ret
001408bc 00000010 T luaK_getlabel
001408cc 00000014 T luaK_patchtohere
001408e0 00000040 T luaK_patchlist
00140920 0000009c T luaK_patchclose
001409bc 00000018 T luaK_codeABC
001409d4 0000000c T luaK_codeABx
001409e0 0000004c T luaK_codek
00140a2c 0000003c T luaK_checkstack
00140a68 00000048 T luaK_reserveregs
00140ab0 00000030 T luaK_stringK
00140ae0 0000003c T luaK_intK
00140b1c 0000008c T luaK_setreturns
00140ba8 00000068 T luaK_setoneret
00140c10 000000ec T luaK_dischargevars
00140cfc 00000168 t discharge2reg
00140e64 00000140 t exp2reg
00140fa4 000000d8 t jumponcond
0014107c 00000050 T luaK_exp2nextreg
001410cc 00000064 T luaK_exp2anyreg
00141130 00000024 T luaK_exp2anyregup
00141154 00000018 T luaK_exp2val
0014116c 00000150 T luaK_exp2RK
001412bc 00000090 t codebinexpval
0014134c 000000d4 T luaK_storevar
00141420 00000094 T luaK_self
001414b4 000000ac T luaK_goiftrue
00141560 00000080 T luaK_goiffalse
001415e0 0000003c T luaK_indexed
0014161c 000001b4 T luaK_prefix
001417d0 000000a4 T luaK_infix
00141874 00000270 T luaK_posfix
00141ae4 00000018 T luaK_fixline
00141afc 00000090 T luaK_setlist
00141b8c 0000002c t error.isra.0
00141bb8 0000002c t LoadBlock
00141be4 000000c4 t LoadString
00141ca8 00000060 t checkliteral
00141d08 00000058 t fchecksize
00141d60 00000548 t LoadFunction
001422a8 0000021c T luaU_undump
001424c4 00000020 t luaB_yieldable
001424e4 00000024 t luaB_yield
00142508 00000110 t auxresume
00142618 00000020 t luaB_corunning
00142638 00000044 t luaB_cocreate
0014267c 00000028 t luaB_cowrap
001426a4 00000084 t luaB_auxwrap
00142728 000000e8 t luaB_costatus
00142810 00000098 t luaB_coresume
001428a8 0000004c T luaopen_coroutine
001428f4 000000a0 t index2addr
00142994 00000008 t growstack
0014299c 000000b8 t auxgetstr
00142a54 000000e8 t auxsetstr
00142b3c 00000008 t f_call
00142b44 00000054 t reverse.isra.0
00142b98 00000094 T lua_checkstack
00142c2c 00000060 T lua_xmove
00142c8c 00000010 T lua_atpanic
00142c9c 00000018 T lua_version
00142cb4 0000002c T lua_absindex
00142ce0 0000001c T lua_gettop
00142cfc 0000005c T lua_settop
00142d58 00000054 T lua_rotate
00142dac 0000007c T lua_copy
00142e28 00000028 T lua_pushvalue
00142e50 00000024 T lua_type
00142e74 00000014 T lua_typename
00142e88 00000020 T lua_iscfunction
00142ea8 0000001c T lua_isinteger
00142ec4 0000002c T lua_isnumber
00142ef0 00000024 T lua_isstring
00142f14 00000058 T lua_rawequal
00142f6c 00000094 T lua_compare
00143000 00000028 T lua_stringtonumber
00143028 00000060 T lua_tonumberx
00143088 00000068 T lua_tointegerx
001430f0 0000003c T lua_toboolean
0014312c 000000a4 T lua_tolstring
001431d0 00000090 T lua_rawlen
00143260 0000003c T lua_touserdata
0014329c 0000001c T lua_tothread
001432b8 000000d0 T lua_topointer
00143388 0000001c T lua_pushnil
001433a4 00000020 T lua_pushnumber
001433c4 00000020 T lua_pushinteger
001433e4 0000006c T lua_pushlstring
00143450 00000068 T lua_pushstring
001434b8 00000030 T lua_pushvfstring
001434e8 00000054 T lua_pushfstring
0014353c 000000b8 T lua_pushcclosure
001435f4 00000028 T lua_pushboolean
0014361c 00000020 T lua_pushlightuserdata
0014363c 00000034 T lua_pushthread
00143670 00000034 T lua_getglobal
001436a4 00000080 T lua_gettable
00143724 00000024 T lua_getfield
00143748 000000b4 T lua_geti
001437fc 00000038 T lua_rawget
00143834 00000048 T lua_rawgeti
0014387c 00000054 T lua_rawgetp
001438d0 00000070 T lua_createtable
00143940 00000074 T lua_getmetatable
001439b4 0000003c T lua_getuservalue
001439f0 00000034 T lua_setglobal
00143a24 000000bc T lua_settable
00143ae0 00000024 T lua_setfield
00143b04 000000ec T lua_seti
00143bf0 0000008c T lua_rawset
00143c7c 00000098 T lua_rawseti
00143d14 000000a0 T lua_rawsetp
00143db4 000000e8 T lua_setmetatable
00143e9c 00000070 T lua_setuservalue
00143f0c 00000084 T lua_callk
00143f90 00000110 T lua_pcallk
001440a0 000000b8 T lua_load
00144158 00000048 T lua_dump
001441a0 00000008 T lua_status
001441a8 0000015c T lua_gc
00144304 00000008 T lua_error
0014430c 00000038 T lua_next
00144344 0000006c T lua_concat
001443b0 0000002c T lua_len
001443dc 0000001c T lua_getallocf
001443f8 0000004c T lua_newuserdata
00144444 000000c8 T lua_getupvalue
0014450c 0000015c T lua_setupvalue
00144668 00000048 T lua_upvalueid
001446b0 000000b0 T lua_upvaluejoin
00144760 0000019c t reallymarkobject
001448fc 00000048 t markmt
00144944 0000004c t markbeingfnz
00144990 0000017c t GCTM
00144b0c 00000088 t runafewfinalizers
00144b94 00000010 t dothecall
00144ba4 00000054 t setpause
00144bf8 00000018 t removeentry.part.0
00144c10 00000024 t iscleared.isra.1.part.2
00144c34 000001f8 t traverseephemeron
00144e2c 00000808 t propagatemark
00145634 00000110 t clearvalues
00145744 000000a8 t clearkeys.constprop.5
001457ec 00000080 t convergeephemerons.constprop.6
0014586c 00000268 t sweeplist
00145ad4 00000060 t sweepstep
00145b34 000004c0 t singlestep
00145ff4 00000034 T luaC_barrier_
00146028 00000020 T luaC_barrierback_
00146048 00000028 T luaC_upvalbarrier_
00146070 00000028 T luaC_fix
00146098 0000003c T luaC_newobj
001460d4 0000002c T luaC_upvdeccount
00146100 000000ec T luaC_checkfinalizer
001461ec 000000e8 T luaC_freeallobjects
001462d4 000000d8 T luaC_step
001463ac 00000110 T luaC_fullgc
001464bc 00000058 T luaZ_fill
00146514 0000001c T luaZ_init
00146530 000000a0 T luaZ_read
001465d0 00000020 T luaF_newCclosure
001465f0 0000004c T luaF_newLclosure
0014663c 00000068 T luaF_initupvals
001466a4 000000a4 T luaF_findupval
00146748 0000008c T luaF_close
001467d4 00000064 T luaF_newproto
00146838 000000b4 T luaF_freeproto
001468ec 00000070 T luaF_getlocalname
0014695c 00000028 t DumpBlock.part.0
00146984 00000108 t DumpString
00146a8c 00000618 t DumpFunction
001470a4 00000218 T luaU_dump
001472c0 00000190 t mainposition.isra.3
00147450 00000064 t getgeneric
001474b4 00000064 t luaH_getint.part.7
00147518 00000064 t countint
0014757c 000001f0 T luaH_next
0014776c 00000040 T luaH_new
001477ac 00000060 T luaH_free
0014780c 0000003c T luaH_getint
00147848 00000058 T luaH_getshortstr
001478a0 00000090 T luaH_getstr
00147930 00000158 T luaH_get
00147a88 000000a4 T luaH_setint
00147b2c 0000028c T luaH_resize
00147db8 00000018 T luaH_resizearray
00147dd0 0000037c T luaH_newkey
0014814c 00000040 T luaH_set
0014818c 000001a0 T luaH_getn
0014832c 0000005c t getiofile
00148388 0000012c t g_write
001484b4 00000028 t io_write
001484dc 00000060 t io_type
0014853c 00000048 t tofile
00148584 00000044 t aux_close
001485c8 00000048 t io_close
00148610 00000040 t f_gc
00148650 00000044 t io_noclose
00148694 00000038 t io_fclose
001486cc 00000034 t newprefile
00148700 00000084 t nextc
00148784 00000064 t read_chars
001487e8 00000064 t read_all
0014884c 00000068 t readdigits
001488b4 00000144 t read_line
001489f8 000004b8 t g_read
00148eb0 00000028 t io_read
00148ed8 00000020 t f_read
00148ef8 0000006c t io_popen
00148f64 00000028 t io_pclose
00148f8c 00000030 t f_write
00148fbc 00000064 t createstdfile
00149020 000000ec t io_open
0014910c 00000078 t aux_lines
00149184 00000020 t f_lines
001491a4 00000134 t io_readline
001492d8 00000030 t io_flush
00149308 00000028 t f_flush
00149330 00000058 t f_tostring
00149388 00000074 t f_setvbuf
001493fc 000000d8 t f_seek
001494d4 0000004c t io_tmpfile
00149520 00000068 t opencheck
00149588 00000088 t g_iofile
00149610 00000014 t io_output
00149624 00000014 t io_input
00149638 000000d0 t io_lines
00149708 000000f8 T luaopen_io
00149800 00000010 T luaM_toobig
00149810 000000a0 T luaM_realloc_
001498b0 00000090 T luaM_growaux_
00149940 00000150 t findloader
00149a90 00000130 t ll_require
00149bc0 00000064 t searcher_preload
00149c24 000001a0 t searchpath
00149dc4 000000a0 t lookforfunc
00149e64 00000088 t ll_loadlib
00149eec 0000009c t loadfunc
00149f88 00000074 t gctm
00149ffc 00000104 t setpath
0014a100 00000054 t checkload.part.3
0014a154 000000b4 t ll_searchpath
0014a208 0000007c t findfile.constprop.5
0014a284 0000006c t searcher_Lua
0014a2f0 00000070 t searcher_C
0014a360 000000d0 t searcher_Croot
0014a430 00000240 T luaopen_package
0014a670 0000017c T ceil
0014a7f0 000000c8 T cos
0014a8b8 00000184 T floor
0014aa40 0000009c T frexp
0014aae0 000000d0 T sin
0014abb0 00000088 T tan
0014ac38 000000f4 T acos
0014ad30 000000f4 T asin
0014ae24 00000004 T atan2
0014ae28 00000148 T exp
0014af70 000000f8 T fmod
0014b068 0000016c T log10
0014b1d8 0000016c T log
0014b348 00000398 T pow
0014b6e0 000000e8 T sqrt
0014b7c8 000002dc T __ieee754_acos
0014baa8 00000284 T __ieee754_asin
0014bd30 0000029c T __ieee754_atan2
0014bfd0 00000278 T __ieee754_exp
0014c248 0000034c T __ieee754_fmod
0014c598 00000144 T __ieee754_log10
0014c6e0 000002e4 T __ieee754_log
0014c9c8 000008bc T __ieee754_pow
0014d288 00000318 T __ieee754_rem_pio2
0014d5a0 00000214 T __ieee754_sqrt
0014d7b8 00000150 T __kernel_cos
0014d908 000008e8 T __kernel_rem_pio2
0014e1f0 000000b8 T __kernel_sin
0014e2a8 00000288 T __kernel_tan
0014e530 00000274 T atan
0014e7a4 00000010 T fabs
0014e7b4 00000014 T finite
0014e7c8 00000008 T matherr
0014e7d0 00000010 T nan
0014e7e0 00000178 T rint
0014e958 00000170 T scalbn
0014eac8 0000001c T copysign
0014eae4 0000002c T __aeabi_d2lz
0014eae4 0000002c T __fixdfdi
0014eb10 00000048 T __aeabi_d2ulz
0014eb10 00000048 T __fixunsdfdi
0014eb58 00000128 T __udivmoddi4
0014ec80 00000014 T abort
0014ec94 00000074 T bsearch
0014ed08 00000020 T calloc
0014ed28 00000090 T _calloc_r
0014edb8 0000003c T clock
0014edf4 00000010 T difftime
0014ee04 0000000c T __errno
0014ee10 00000034 T exit
0014ee44 00000154 T _fclose_r
0014ef98 00000018 T fclose
0014efb0 00000254 T __sflush_r
0014f204 00000094 T _fflush_r
0014f298 00000038 T fflush
0014f2d0 0000019c T _fgets_r
0014f46c 00000028 T fgets
0014f494 0000000c T _cleanup_r
0014f4a0 00000080 t std.isra.0
0014f520 00000048 T __sfmoreglue
0014f568 0000008c T __sinit
0014f5f4 00000118 T __sfp
0014f70c 0000000c T __sfp_lock_acquire
0014f718 0000000c T __sfp_lock_release
0014f724 00000040 T __libc_fini_array
0014f764 00000148 T _fopen_r
0014f8ac 00000020 T fopen
0014f8cc 0000003c T fprintf
0014f908 00000094 T fputc
0014f99c 000002d4 T _fread_r
0014fc70 00000038 T fread
0014fca8 000000f8 T _malloc_trim_r
0014fda0 000002e4 T _free_r
00150084 000002c8 T _freopen_r
0015034c 00000028 T freopen
00150374 00000004 T _fseek_r
00150378 00000030 T fseek
001503a8 000005d4 T _fseeko_r
0015097c 00000034 T ftell
001509b0 000001a0 T _ftello_r
00150b50 00000078 T _fwalk
00150bc8 00000080 T _fwalk_reent
00150c48 000000f4 T _fwrite_r
00150d3c 00000038 T fwrite
00150d74 00000024 T getenv
00150d98 000000c8 T _findenv_r
00150e60 00000018 T _getenv_r
00150e78 0000001c T gmtime
00150e94 0000024c T gmtime_r
001510e0 00000078 T __libc_init_array
00151158 0000001c T localtime
00151174 00000380 T localtime_r
001514f4 00000008 T __localeconv_l
001514fc 00000024 T _localeconv_r
00151520 00000024 T localeconv
00151544 00000094 t currentlocale
001515d8 00000820 T __loadlocale
00151df8 0000008c T __get_locale_env
00151e84 00000328 T _setlocale_r
001521ac 00000024 T __locale_mb_cur_max
001521d0 00000008 T __locale_ctype_ptr_l
001521d8 00000024 T __locale_ctype_ptr
001521fc 00000020 T setlocale
0015221c 00000094 T __swhatbuf_r
001522b0 000000f4 T __smakebuf_r
001523a4 00000020 T memalign
001523c4 00000158 T _memalign_r
0015251c 00000018 T malloc
00152534 00000018 T free
0015254c 0000078c T _malloc_r
00152cd8 0000004c T __ascii_mbtowc
00152d24 00000300 T __utf8_mbtowc
00153024 000000d4 T __sjis_mbtowc
001530f8 00000138 T __eucjp_mbtowc
00153230 000001cc T __jis_mbtowc
001533fc 00000104 T memchr
00153500 000000e8 T memcmp
001535e8 00000114 T memcpy
001536fc 00000110 T memset
0015380c 00000338 t validate_structure
00153b44 00000508 T mktime
0015404c 0000000c T __malloc_lock
00154058 0000000c T __malloc_unlock
00154064 00000038 T printf
0015409c 000000d4 T _putc_r
00154170 000000e0 T _puts_r
00154250 00000018 T puts
00154268 0000001c T srand
00154284 00000044 T rand
001542c8 00000020 T realloc
001542e8 000004cc T _realloc_r
001547b4 0000001c t lflush
001547d0 000001b4 T __srefill_r
00154984 0000001c T _remove_r
001549a0 00000028 T remove
001549c8 00000020 T rename
001549e8 00000050 T __srget_r
00154a38 00000258 T setvbuf
00154c90 000000a0 T _raise_r
00154d30 00000018 T raise
00154d48 000000e0 T snprintf
00154e28 00000064 T _sprintf_r
00154e8c 00000068 T sprintf
00154ef4 0000003c T __sread
00154f30 00000008 T __seofread
00154f38 00000064 T __swrite
00154f9c 0000004c T __sseek
00154fe8 00000008 T __sclose
00154ff0 00000068 T strcasecmp
00155058 00000070 T strcat
001550c8 000001ac T strchr
00155274 00000004 T strcoll
00155278 000000f0 T strcpy
00155368 0000063c T _strerror_r
001559a4 00000020 T strerror
001559c4 0000014c t iso_year_adjust
00155b10 00000fe4 t __strftime
00156af4 00000050 T strftime
00156b44 00000048 T strlcpy
00156b8c 0000005c T strlen
00156be8 0000008c T strncasecmp
00156c74 0000009c T strncat
00156d10 00000108 T strncmp
00156e18 000000d8 T strncpy
00156ef0 00000080 T strpbrk
00156f70 00000068 T strspn
00156fd8 00000118 t critical_factorization
001570f0 00000398 t two_way_long_needle
00157488 00000368 T strstr
001577f0 00000054 t sulp
00157848 00001434 T _strtod_l
00158c7c 00000040 T strtod
00158cbc 00000220 t _strtol_l.isra.0
00158edc 00000050 T _strtol_r
00158f2c 00000054 T strtol
00158f80 000001e4 t _strtoul_l.isra.0
00159164 00000050 T _strtoul_r
001591b4 00000054 T strtoul
00159208 00001624 t get_arg
0015a830 000041c4 T _svfprintf_r
0015e9f4 0000002c T system
0015ea20 00000038 T time
0015ea58 000000b4 T _tmpfile_r
0015eb0c 00000010 T tmpfile
0015eb1c 000000a4 t worker
0015ebc0 00000058 T _tmpnam_r
0015ec18 00000018 T tmpnam
0015ec30 00000234 T __tzcalc_limits
0015ee64 0000000c T __tz_lock
0015ee70 0000000c T __tz_unlock
0015ee7c 00000010 T _tzset_unlocked
0015ee8c 0000047c T _tzset_unlocked_r
0015f308 000000a8 T __submore
0015f3b0 000001f0 T _ungetc_r
0015f5a0 00000020 T ungetc
0015f5c0 00000008 T _user_strerror
0015f5c8 00001624 t get_arg
00160bf0 00004314 T _vfprintf_r
00164f04 000000cc t __sbprintf
00164fd0 00000108 T __swbuf_r
001650d8 000000a0 T _wcrtomb_r
00165178 00000020 T _wcsrtombs_r
00165198 00000028 T __ascii_wctomb
001651c0 000000e8 T __utf8_wctomb
001652a8 00000084 T __sjis_wctomb
0016532c 000000bc T __eucjp_wctomb
001653e8 000000d8 T __jis_wctomb
001654c0 00000144 T __swsetup_r
00165604 0000000c T abs
00165610 00000174 T __call_exitprocs
00165784 00000010 T __set_ctype
00165794 00000060 T div
001657f4 000001d0 t quorem
001659c8 00001260 T _dtoa_r
00166c28 0000000c T __env_lock
00166c34 0000000c T __env_unlock
00166c40 00000130 T _fdopen_r
00166d70 000000b0 T __sflags
00166e20 000004ac T __sfvwrite_r
001672cc 000000f0 t rshift
001673bc 000007f4 T __gethex
00167bb0 00000064 T __match
00167c14 00000264 T __hexnan
00167e78 0000000c T __gettzinfo
00167e84 0000000c T labs
00167e90 00000148 T memmove
00167fd8 00000088 T _Balloc
00168060 0000001c T _Bfree
0016807c 000000d8 T __multadd
00168154 000000f0 T __s2b
00168244 00000058 T __hi0bits
0016829c 0000009c T __lo0bits
00168338 00000020 T __i2b
00168358 000001cc T __multiply
00168524 00000100 T __pow5mult
00168624 000000e4 T __lshift
00168708 00000060 T __mcmp
00168768 00000198 T __mdiff
00168900 00000078 T __ulp
00168978 000000d4 T __b2d
00168a4c 00000108 T __d2b
00168b54 0000007c T __ratio
00168bd0 0000006c T __copybits
00168c3c 00000080 T __any_on
00168cbc 00000074 T siscanf
00168d30 000000e0 T sniprintf
00168e10 0000161c t get_arg
0016a42c 00000188 T __ssprint_r
0016a5b4 00002a8c T _svfiprintf_r
0016d040 000000e8 T _sungetc_r
0016d128 0000006c T __ssrefill_r
0016d194 000000d0 T _sfread_r
0016d264 00001eb8 T __ssvfiscanf_r
0016f11c 0000001c t __sprint_r.part.0
0016f138 0000001c T __sprint_r
0016f154 00000174 T _wcsnrtombs_l
0016f2c8 00000064 T _wcsnrtombs_r
0016f32c 00000074 T iswspace
0016f3a0 00000204 t __jp2uc
0016f5a4 000000c8 T _jp2uc
0016f66c 000000b4 T _mbrtowc_r
0016f720 000000cc T __sccl
0016f7ec 000002dc t _strtoll_l.isra.0
0016fac8 00000050 T _strtoll_r
0016fb18 00000268 t _strtoull_l.isra.0
0016fd80 00000050 T _strtoull_r
0016fdd0 00000008 t null_write
0016fdd8 00000018 T setDefaultDevice
0016fdf0 000000cc T FindDevice
0016febc 00000028 T RemoveDevice
0016fee4 00000098 T AddDevice
0016ff7c 00000084 T _close_r
00170000 0000007c T _fstat_r
0017007c 00000010 T _getpid_r
0017008c 0000002c T _gettimeofday_r
001700b8 00000008 T _isatty_r
001700c0 00000010 T _kill_r
001700d0 00000090 T _lseek_r
00170160 000000c0 T _open_r
00170220 00000088 T _read_r
001702a8 00000070 T _sbrk_r
00170318 00000010 T _times_r
00170328 0000006c T _unlink_r
00170394 00000088 T _write_r
0017041c 00000024 T _exit
00170440 000001d4 T _concatenate_path
00170614 0000015c T chdir
00170770 00000084 T _rename_r
001707f4 00000008 T __flockfile
001707fc 00000008 T __funlockfile
00170804 00000018 T __libc_lock_acquire
0017081c 00000018 T __libc_lock_release
00170834 00000018 T __libc_lock_init_recursive
0017084c 00000018 T __libc_lock_acquire_recursive
00170864 00000018 T __libc_lock_release_recursive
0017087c 00000018 T __libc_lock_close_recursive
00170894 0000004c T __free_handle
001708e0 00000040 T __release_handle
00170920 000000b4 T __alloc_handle
001709d4 00000018 T __get_handle
001709ec 00000028 T __getreent
00170a14 0000005c T strnlen
00170a70 00000044 T strrchr
00170ab4 T _fini
00171008 00000030 r short_months.9530
00171038 00000020 r CSWTCH.116
00171058 00000020 r CSWTCH.117
00171078 00000020 r sRGB_xy
00171098 00000024 r sRGB_XYZ.9720
001710bc 0000000c r D50_nCIEXYZ
001710c8 000000e0 r png_sRGB_checks
001711a8 00000200 R png_sRGB_delta
001713a8 00000400 R png_sRGB_base
001717a8 00000200 R png_sRGB_table
001719a8 00000010 r png_digit
001719b8 00000011 r digits.9440
001719cc 00000048 r display_mask.9809
00171a14 00000090 r row_mask.9808
00171aa4 0000001c r png_pass_inc.9853
00171ac0 00000007 r png_pass_yinc.10039
00171ac8 00000007 r png_pass_ystart.10038
00171ad0 00000007 r png_pass_inc.10037
00171ad0 00000007 r png_pass_inc.10046
00171ad8 00000007 r png_pass_start.10036
00171ad8 00000007 r png_pass_start.10045
00171ae0 00000100 r onebppswaptable
00171be0 00000100 r twobppswaptable
00171ce0 00000100 r fourbppswaptable
00171de0 00002000 r crc_table
00173de0 00000800 r lenfix.6883
001745e0 00000080 r distfix.6884
00174660 00000026 r order.6912
00174688 00000040 r dext.6798
001746c8 00000040 r dbase.6797
00174708 0000003e r lext.6796
00174748 0000003e r lbase.6795
00174788 0000002f R inflate_copyright
001747b8 00000010 r CSWTCH.23
001747c8 R shader_shbin
00174914 R shader_shbin_end
00174914 R shader_shbin_size
00174918 00000038 r CSWTCH.2
00174950 00000003 r parm.12748
00174954 00000004 r CSWTCH.7
00174958 00000005 r colorFmtSizes
00174960 00000004 r depthFmtSizes
00174964 00000014 r CSWTCH.26
00174978 00000008 r framebufferInfoSt
00174980 0000000c r serviceNameTable.7434
0017498c 00000030 r error_table
001749c8 00000058 r loadedlibs
00174a20 000000e0 r mathlib
00174b00 0000002f R luaP_opmodes
00174b30 000000c0 R luaP_opnames
00174bf0 00000090 r strlib
00174c80 0000001c r catnames.7295
00174c9c 00000018 r cat.7294
00174cb4 00000060 r syslib
00174d14 00000024 r opts.7157
00174d38 00000020 r optsnum.7158
00174d58 000000c8 r base_funcs
00174e20 00000010 r limits.7081
00174e30 00000038 r funcs
00174e78 0000002a r priority
00174ea4 00000094 r luaX_tokens
00174f38 00000004 r HOOKKEY
00174f3c 00000014 r hooknames.7166
00174f50 00000088 r dblib
00174fd8 00000040 r tab_funcs
00175018 00000060 r luaT_eventname.6669
00175078 0000002c R luaT_typenames_
001750a4 00000009 r udatatypename
001750b0 00000100 r log_2.8061
001751b0 00000010 R luaO_nilobject_
001751c0 00000018 r ef.8206
001751d8 00000040 r co_funcs
00175218 00000008 r version.6745
00175220 00000081 R lua_ident
001752a8 00000020 r dummynode_
001752c8 00000010 r modenames.7389
001752d8 0000000c r mode.7388
001752e4 00000010 r modenames.7380
001752f4 0000000c r mode.7379
00175300 00000060 r iolib
00175360 00000050 r flib
001753b0 00000004 r CLIBS
001753b4 00000040 r pk_funcs
001753f4 00000014 r searchers.7215
00175408 00000010 r ll_funcs
00175418 00000101 R luai_ctype_
00178fac r .LC2
0017a3ac r .LC5
0017aa38 00000010 r halF
0017aa48 00000010 r ln2HI
0017aa58 00000010 r ln2LO
0017aa68 00000010 r Zero
0017aa78 00000080 r npio2_hw
0017aaf8 00000108 r two_over_pi
0017ac00 00000040 r PIo2
0017ac40 00000010 r init_jk
0017ac50 00000020 r atanhi
0017ac70 00000020 r atanlo
0017ac90 00000010 r TWO52
0017aca0 00000004 R _global_impure_ptr
0017ad80 0000001c r categories
0017ade0 00000048 r JIS_action_table
0017ae28 00000048 r JIS_state_table
0017ae70 00000030 r DAYS_IN_MONTH
0017aea0 00000030 r _DAYS_BEFORE_MONTH
0017aed0 00000060 R __month_lengths
0017b6ac 00000014 r fpi.7277
0017b6c0 00000014 r fpinan.7313
0017b6d8 00000028 r tinytens
0017b738 00000010 r blanks.8400
0017b748 00000010 r zeroes.8401
0017b758 000000fc R _C_time_locale
0017ba18 00000010 r blanks.8415
0017ba28 00000010 r zeroes.8416
0017ba38 00000101 R _ctype_
0017bb4c 00000100 R __hexdig
0017bc50 00000028 R __mprec_bigtens
0017bc78 000000c8 R __mprec_tens
0017bd40 0000000c r p05.7191
0017bd4c 0000006c R __action_table
0017bdb8 00000100 R __chclass
0017beb8 0000006c R __state_table
0017bf24 00000010 r blanks.8379
0017bf34 00000010 r zeroes.8380
0017bf44 00000022 r basefix.7934
0017bf68 000000bc r a1
0017c024 000000bc r a2
0017c0e0 0000005b r a3
0017c13c 00000070 r a6
0017c1ac 000000a2 r a7
0017c250 00000040 r a8
0017c290 0000172a r b02cf
0017d9bc 00001a7c r d02f4
0017f440 00000068 R dotab_stdnull
0017f4a8 00000003 R DIRECTORY_PARENT
0017f4ac r __EH_FRAME_BEGIN__
0017f4ac R __exidx_end
0017f4ac R __exidx_start
00180000 00000004 D LANGUAGE
00180004 00000001 D singleTileWidth
00180005 00000001 D singleTileHeight
00180008 00000004 D aButton
0018000c 00000001 D defaultSelected
0018000d 00000001 D textboxNewCharSpeed
0018000e 00000002 D spellLinkedListSize
00180010 00000004 D bButton
00180014 00000004 D playerName
00180018 00000004 d useTransform_desc
0018001c 00000004 d transform_desc
00180020 00000004 d vblank_wait
00180024 00000004 d projection_desc
00180028 00000001 d topFormat
00180029 00000001 d botFormat
0018002c 00000008 d doubleBuf
00180034 00000004 d aptFlags
00180038 00000004 d gspLastEvent
0018003c 00000004 V __ctru_linear_heap_size
00180040 W __stacksize__
00180044 00000401 d __cwd
00180448 00000068 d sdmc_devoptab
001804b0 00000001 D __fdlib_version
001804b4 0000000c d __sfp_lock
001804c0 0000000c d __sinit_lock
001804cc 00000004 D _impure_ptr
001804d0 00000460 d impure_data
00180930 00000020 D __default_locale
00180950 0000016c D __global_locale
00180abc 00000408 D __malloc_av_
00180ec4 00000004 D __malloc_sbrk_base
00180ec8 00000004 D __malloc_trim_threshold
00180ecc 0000000c d __malloc_lock_object
00180ed8 00000004 d __tz_lock_object
00180edc 00000008 D _tzname
00180ee4 0000000c D __atexit_lock
00180ef0 00000004 D environ
00180ef4 0000000c d __env_lock_object
00180f00 00000040 d tzinfo
00180f40 00000004 d defaultDevice
00180f44 00000040 D devoptab_list
00180f84 00001000 d _current_working_directory
00181f84 00000004 d __hndl_lock
00181f88 0000000c d __stderr_handle
00181f94 0000000c d __stdin_handle
00181fa0 0000000c d __stdout_handle
00181fac 00001000 d handles
00182fac t __frame_dummy_init_array_entry
00182fac T __init_array_start
00182fac d __JCR_LIST__
00182fac B __preinit_array_end
00182fac B __preinit_array_start
00182fac D __tdata_lma
00182fac D __tdata_lma_end
00182fac D __TMC_END__
00182fac d __TMC_LIST__
00182fb0 t __do_global_dtors_aux_fini_array_entry
00182fb0 T __fini_array_start
00182fb0 T __init_array_end
00182fb4 T __bss_start__
00182fb4 T __fini_array_end
00182fb4 00000001 B numberOfLayers
00182fb8 00000004 B spellLinkedListStart
00182fbc 00000002 B encounterRate
00182fbe 00000002 B nextEncounter
00182fc0 00000004 B drawXOffset
00182fc4 00000004 B drawYOffset
00182fc8 00000002 B cameraWholeOffsetX
00182fca 00000001 B cameraPartialOffsetX
00182fcc 00000002 B cameraWholeOffsetY
00182fce 00000001 B cameraPartialOffsetY
00182fcf 00000001 B place
00182fd0 00000004 b sf2d_initialized
00182fd4 00000004 b pool_addr
00182fd8 00000014 b shader
00182fec 00000004 b dvlb
00182ff0 00000004 b in_render
00182ff4 00000004 b pool_index
00182ff8 00000001 b cur_screen
00182ff9 00000001 b cur_side
00182ffc 00000004 b targetTopLeft
00183000 00000004 b targetTopRight
00183004 00000004 b targetBottom
00183008 00000004 b frames
00183010 00000008 b last_time
00183018 00000004 b current_fps
0018301c 00000004 b pool_size
00183020 00000018 b C3Di_ShaderFVecData
00183038 000000c0 b C3Di_FVUnifEverDirty
001830f8 00000008 b C3Di_IVUnifEverDirty
00183100 00000001 b queuedCount
00183104 00000004 b transferQueue
00183108 00000004 b clearQueue
0018310c 00000001 b inSafeTransfer
00183110 0000000c b linkedTarget
0018311c 0000004c b temp.13412
00183168 00000001 b inSafeClear
00183169 00000001 b queueSwap
0018316c 00000020 b queuedFrame
0018318c 00000001 b queuedState
0018318d 00000001 b inFrame
00183190 00000004 b lastTarget
00183194 00000004 b firstTarget
00183198 0000000c b hookCookie
001831a4 00000008 b sLinearPool
001831ac 0000000c b sAddrMap
001831b8 00000008 b sVramPool
001831c0 0000000c b sAddrMap
001831cc 00000001 b enable3d
001831d0 00000004 b screenAlloc
001831d4 00000004 b screenFree
001831d8 00000002 b currentBuffer
001831da 00000001 V __ctru_speedup
001831dc 00000004 b ptmSysmRefCount
001831e0 00000004 b ptmSysmHandle
001831e4 00000004 b hidRefCount
001831e8 00000004 b kOld
001831ec 00000004 b kHeld
001831f0 00000004 b cPos
001831f4 00000004 b tPos
001831f8 00000006 b aVec
00183200 00000006 b gRate
00183208 00000004 b kDown
0018320c 00000004 b kUp
00183210 00000004 b aptLockHandle
00183214 00000004 b serviceName.7433
00183218 0000000c b aptFirstHook
00183224 00000004 b aptMessageFunc
00183228 00000004 b aptMessageFuncData
0018322c 0000000c b aptEvents
00183238 00000001 b aptHomeButtonState
0018323c 00000008 b aptSleepEvent
00183244 00001000 b aptParameters
00184244 00000004 b aptRefCount
00184248 00000004 b aptEventHandlerThread
0018424c 00000001 b flagInit.7784
0018424d 00000001 b flagValue.7785
00184250 00000001 b gspRunEvents
00184254 00000004 b gspEvent
00184258 00000004 b gspEventData
0018425c 0000001c b gspEventCb
00184278 00000007 b gspEventCbOneShot
00184280 0000001c b gspEventCbData
0018429c 00000038 b gspEvents
001842d4 0000001c b gspEventCounts
001842f0 00000004 b gspRefCount
001842f4 00000004 b gspEventThread
001842f8 00000004 b irrstRefCount
001842fc 00000004 b kHeld
00184300 00000004 b csPos
00184304 00000004 V __ctru_heap_size
00184308 b saved_stack
00184310 00000008 b sMappablePool
00184318 0000000c b sAddrMap
00184324 00000004 b srvRefCount
00184328 00000004 b srvHandle
0018432c 00000004 b arbiter
00184330 00000008 b sdmcArchive
00184338 00000001 b sdmcInitialised
00184340 00000004 b fsuHandle
00184344 00000004 b fsuRefCount
00184348 00000080 b fsExemptArchives
001843c8 b completed.7620
001843cc b object.7625
001843e4 000000e7 b global_locale_string
001844cc 000000e0 b new_categories.6496
001845ac 000000e0 b saved_categories.6497
0018468c 00000028 B __malloc_current_mallinfo
001846b4 00000004 B __malloc_max_sbrked_mem
001846b8 00000004 B __malloc_max_total_mem
001846bc 00000004 B __malloc_top_pad
001846c0 0000000b b __tzname_dst
001846cc 0000000b b __tzname_std
001846d8 00000004 b prev_tzenv
001846dc 00000004 B _daylight
001846e0 00000004 B _timezone
001846e4 00000004 b initial_env
001846e8 00000004 b heap_start.6927
001846ec 00000004 B fake_heap_end
001846f0 00000004 B fake_heap_start
001846f4 00001000 b temp_cwd
001856f4 00000038 B __syscalls
00185730 00000004 B N_HP
00185734 00000004 B N_MAGICLIST
00185738 0000000c B tileOtherData
00185744 00000004 B N_QUIT
00185748 000000b0 B enemies
001857f8 00000004 B N_OPTIONS
001857fc 00000004 B N_LEVELEDUP
00185800 00000140 B possibleEnemiesIdleAnimation
00185940 00000001 B numberOfEnemies
00185944 00000010 B enemyAttackAnimation
00185954 00000004 B wasJustPad
00185958 00000004 B N_DEADMESSAGE
0018595c 00000004 B N_SPEED
00185960 00000001 B partySize
00185964 00000014 B tilesets
00185978 00000010 B enemyIdleAnimation
00185988 00000004 B playerLeft
0018598c 00000001 B isWalking
00185990 00000004 B pad
00185998 000002d0 B mapObjects
00185c68 00000004 B N_RESUME
00185c6c 00000004 B N_MP
00185c70 00000140 B possibleEnemiesAttackAnimation
00185db0 00000004 B tilde_a
00185db4 00000004 B tilde_questionMark
00185db8 00000002 B cameraWidth
00185dbc 0000003c B layers
00185df8 00000008 B tempHold
00185e00 00000004 B N_NEEDMOREMP
00185e04 00000004 B tilde_u
00185e08 00000140 B possibleEnemies
00185f48 00000004 B N_SAVE
00185f4c 00000004 B N_DEF
00185f50 000000b0 B party
00186000 00000004 B tilde_i
00186004 00000004 B fontImage
00186008 00000004 B N_MATK
0018600c 00000004 B currentMapFilepath
00186010 00000004 B N_ATK
00186014 0000002c B dummyMember
00186040 00000004 B L
00186044 00000002 B cameraHeight
00186048 00000004 B tilde_n
00186050 00000008 B frameStartMiliseconds
00186058 00000004 B playerRight
00186060 00000080 B partyIdleAnimation
001860e0 00000004 B tilde_o
001860e8 00000020 B selectorAnimation
00186108 00000004 B N_LOAD
0018610c 00000004 B tilde_e
00186110 00000004 B N_HAPPYMENU
00186114 00000004 B N_WIN
00186118 00000008 B numberOfFrames
00186120 00000004 B playerUp
00186124 00000004 B playerObject
00186128 00000080 B partyAttackAnimation
001861a8 00000004 B playerDown
001861ac 00000004 B tilde_esclimationPoint
001861b0 00000004 B N_MDEF
001861b4 00000004 B N_LV
001861b8 00000020 B C3D_IVUnif
001861d8 000000c0 B C3D_FVUnifDirty
00186298 00000002 B C3D_BoolUnifsDirty
0018629c 00000008 B C3D_IVUnifDirty
001862a4 00000004 B C3D_BoolUnifs
001862a8 00000c00 B C3D_FVUnif
00186ea8 00000278 B __C3D_Context
00187120 00000008 B gfxBottomFramebuffers
00187128 00000004 B gspSharedMemHandle
0018712c 0000001c B bottomFramebufferInfo
00187148 00000004 B gspEvent
0018714c 00000008 B gfxTopLeftFramebuffers
00187154 00000008 B gfxTopRightFramebuffers
0018715c 0000001c B topFramebufferInfo
00187178 00000001 B gfxThreadID
0018717c 00000004 B gfxSharedMemory
00187180 00000004 B gfxTopFramebufferMaxSize
00187184 00000004 B gfxBottomFramebufferMaxSize
00187188 00000004 B gpuCmdBuf
0018718c 00000004 B gpuCmdBufOffset
00187190 00000004 B gpuCmdBufSize
00187194 00000004 B gxCmdBuf
00187198 00000004 B hidMemHandle
0018719c 00000004 B hidHandle
001871a0 00000004 B hidSharedMem
001871a4 00000014 B hidEvents
001871b8 00000004 B gspGpuHandle
001871bc 00000004 B irrstHandle
001871c0 00000004 B irrstEvent
001871c4 00000004 B irrstMemHandle
001871c8 00000004 B irrstSharedMem
001871cc 00000004 B __system_argv
001871d0 00000004 B __system_argc
001871d4 00000004 B __ctru_linear_heap
001871d8 00000004 B __ctru_heap
001871dc 00000004 B __system_retAddr
001871e0 B __tls_start
0018a5ec B __bss_end__
0018a5ec A __end__
0018a5ec B __tls_end
